2019-12-12T18:18:02,015 INFO [main] org.apache.druid.guice.PropertiesModule - Loading properties from common.runtime.properties
2019-12-12T18:18:02,029 INFO [main] org.apache.druid.guice.PropertiesModule - Loading properties from runtime.properties
2019-12-12T18:18:02,125 INFO [main] org.hibernate.validator.internal.util.Version - HV000001: Hibernate Validator 5.1.3.Final
2019-12-12T18:18:02,947 INFO [main] org.apache.druid.guice.JsonConfigurator - Loaded class[class org.apache.druid.common.config.NullValueHandlingConfig] from props[druid.generic.] as [org.apache.druid.common.config.NullValueHandlingConfig@2d96543c]
2019-12-12T18:18:03,022 INFO [main] org.apache.druid.guice.JsonConfigurator - Loaded class[class org.apache.druid.guice.ExtensionsConfig] from props[druid.extensions.] as [ExtensionsConfig{searchCurrentClassloader=true, directory='extensions', useExtensionClassloaderFirst=false, hadoopDependenciesDir='hadoop-dependencies', hadoopContainerDruidClasspath='null', addExtensionsToHadoopContainer=false, loadList=[druid-hdfs-storage, druid-kafka-indexing-service, druid-datasketches, druid-avro-extensions]}]
2019-12-12T18:18:03,030 INFO [main] org.apache.druid.initialization.Initialization - Loading extension [druid-hdfs-storage] for class [interface org.apache.druid.cli.CliCommandCreator]
2019-12-12T18:18:03,046 INFO [main] org.apache.druid.initialization.Initialization - added URL[file:/opt/druid/extensions/druid-hdfs-storage/api-asn1-api-1.0.0-M20.jar] for extension[druid-hdfs-storage]
2019-12-12T18:18:03,046 INFO [main] org.apache.druid.initialization.Initialization - added URL[file:/opt/druid/extensions/druid-hdfs-storage/commons-beanutils-core-1.8.0.jar] for extension[druid-hdfs-storage]
2019-12-12T18:18:03,047 INFO [main] org.apache.druid.initialization.Initialization - added URL[file:/opt/druid/extensions/druid-hdfs-storage/commons-beanutils-1.7.0.jar] for extension[druid-hdfs-storage]
2019-12-12T18:18:03,047 INFO [main] org.apache.druid.initialization.Initialization - added URL[file:/opt/druid/extensions/druid-hdfs-storage/objenesis-2.6.jar] for extension[druid-hdfs-storage]
2019-12-12T18:18:03,048 INFO [main] org.apache.druid.initialization.Initialization - added URL[file:/opt/druid/extensions/druid-hdfs-storage/nimbus-jose-jwt-3.9.jar] for extension[druid-hdfs-storage]
2019-12-12T18:18:03,048 INFO [main] org.apache.druid.initialization.Initialization - added URL[file:/opt/druid/extensions/druid-hdfs-storage/hadoop-auth-2.8.3.jar] for extension[druid-hdfs-storage]
2019-12-12T18:18:03,048 INFO [main] org.apache.druid.initialization.Initialization - added URL[file:/opt/druid/extensions/druid-hdfs-storage/hadoop-common-2.8.3.jar] for extension[druid-hdfs-storage]
2019-12-12T18:18:03,049 INFO [main] org.apache.druid.initialization.Initialization - added URL[file:/opt/druid/extensions/druid-hdfs-storage/hadoop-yarn-client-2.8.3.jar] for extension[druid-hdfs-storage]
2019-12-12T18:18:03,049 INFO [main] org.apache.druid.initialization.Initialization - added URL[file:/opt/druid/extensions/druid-hdfs-storage/commons-collections-3.2.2.jar] for extension[druid-hdfs-storage]
2019-12-12T18:18:03,049 INFO [main] org.apache.druid.initialization.Initialization - added URL[file:/opt/druid/extensions/druid-hdfs-storage/commons-compress-1.16.jar] for extension[druid-hdfs-storage]
2019-12-12T18:18:03,050 INFO [main] org.apache.druid.initialization.Initialization - added URL[file:/opt/druid/extensions/druid-hdfs-storage/hadoop-client-2.8.3.jar] for extension[druid-hdfs-storage]
2019-12-12T18:18:03,050 INFO [main] org.apache.druid.initialization.Initialization - added URL[file:/opt/druid/extensions/druid-hdfs-storage/jsp-api-2.1.jar] for extension[druid-hdfs-storage]
2019-12-12T18:18:03,051 INFO [main] org.apache.druid.initialization.Initialization - added URL[file:/opt/druid/extensions/druid-hdfs-storage/hadoop-mapreduce-client-shuffle-2.8.3.jar] for extension[druid-hdfs-storage]
2019-12-12T18:18:03,051 INFO [main] org.apache.druid.initialization.Initialization - added URL[file:/opt/druid/extensions/druid-hdfs-storage/apacheds-i18n-2.0.0-M15.jar] for extension[druid-hdfs-storage]
2019-12-12T18:18:03,051 INFO [main] org.apache.druid.initialization.Initialization - added URL[file:/opt/druid/extensions/druid-hdfs-storage/curator-framework-4.1.0.jar] for extension[druid-hdfs-storage]
2019-12-12T18:18:03,051 INFO [main] org.apache.druid.initialization.Initialization - added URL[file:/opt/druid/extensions/druid-hdfs-storage/commons-digester-1.8.jar] for extension[druid-hdfs-storage]
2019-12-12T18:18:03,052 INFO [main] org.apache.druid.initialization.Initialization - added URL[file:/opt/druid/extensions/druid-hdfs-storage/druid-hdfs-storage-0.15.1-incubating.jar] for extension[druid-hdfs-storage]
2019-12-12T18:18:03,052 INFO [main] org.apache.druid.initialization.Initialization - added URL[file:/opt/druid/extensions/druid-hdfs-storage/okhttp-2.4.0.jar] for extension[druid-hdfs-storage]
2019-12-12T18:18:03,052 INFO [main] org.apache.druid.initialization.Initialization - added URL[file:/opt/druid/extensions/druid-hdfs-storage/jersey-client-1.9.jar] for extension[druid-hdfs-storage]
2019-12-12T18:18:03,053 INFO [main] org.apache.druid.initialization.Initialization - added URL[file:/opt/druid/extensions/druid-hdfs-storage/servlet-api-2.5.jar] for extension[druid-hdfs-storage]
2019-12-12T18:18:03,053 INFO [main] org.apache.druid.initialization.Initialization - added URL[file:/opt/druid/extensions/druid-hdfs-storage/hadoop-yarn-api-2.8.3.jar] for extension[druid-hdfs-storage]
2019-12-12T18:18:03,053 INFO [main] org.apache.druid.initialization.Initialization - added URL[file:/opt/druid/extensions/druid-hdfs-storage/hadoop-yarn-server-common-2.8.3.jar] for extension[druid-hdfs-storage]
2019-12-12T18:18:03,053 INFO [main] org.apache.druid.initialization.Initialization - added URL[file:/opt/druid/extensions/druid-hdfs-storage/hadoop-mapreduce-client-common-2.8.3.jar] for extension[druid-hdfs-storage]
2019-12-12T18:18:03,054 INFO [main] org.apache.druid.initialization.Initialization - added URL[file:/opt/druid/extensions/druid-hdfs-storage/jackson-jaxrs-1.9.13.jar] for extension[druid-hdfs-storage]
2019-12-12T18:18:03,054 INFO [main] org.apache.druid.initialization.Initialization - added URL[file:/opt/druid/extensions/druid-hdfs-storage/leveldbjni-all-1.8.jar] for extension[druid-hdfs-storage]
2019-12-12T18:18:03,054 INFO [main] org.apache.druid.initialization.Initialization - added URL[file:/opt/druid/extensions/druid-hdfs-storage/hadoop-hdfs-client-2.8.3.jar] for extension[druid-hdfs-storage]
2019-12-12T18:18:03,055 INFO [main] org.apache.druid.initialization.Initialization - added URL[file:/opt/druid/extensions/druid-hdfs-storage/json-smart-1.1.1.jar] for extension[druid-hdfs-storage]
2019-12-12T18:18:03,055 INFO [main] org.apache.druid.initialization.Initialization - added URL[file:/opt/druid/extensions/druid-hdfs-storage/commons-configuration-1.6.jar] for extension[druid-hdfs-storage]
2019-12-12T18:18:03,055 INFO [main] org.apache.druid.initialization.Initialization - added URL[file:/opt/druid/extensions/druid-hdfs-storage/hadoop-mapreduce-client-jobclient-2.8.3.jar] for extension[druid-hdfs-storage]
2019-12-12T18:18:03,056 INFO [main] org.apache.druid.initialization.Initialization - added URL[file:/opt/druid/extensions/druid-hdfs-storage/jackson-xc-1.9.13.jar] for extension[druid-hdfs-storage]
2019-12-12T18:18:03,056 INFO [main] org.apache.druid.initialization.Initialization - added URL[file:/opt/druid/extensions/druid-hdfs-storage/jcip-annotations-1.0.jar] for extension[druid-hdfs-storage]
2019-12-12T18:18:03,056 INFO [main] org.apache.druid.initialization.Initialization - added URL[file:/opt/druid/extensions/druid-hdfs-storage/api-util-1.0.0-M20.jar] for extension[druid-hdfs-storage]
2019-12-12T18:18:03,057 INFO [main] org.apache.druid.initialization.Initialization - added URL[file:/opt/druid/extensions/druid-hdfs-storage/gson-2.2.4.jar] for extension[druid-hdfs-storage]
2019-12-12T18:18:03,057 INFO [main] org.apache.druid.initialization.Initialization - added URL[file:/opt/druid/extensions/druid-hdfs-storage/okio-1.4.0.jar] for extension[druid-hdfs-storage]
2019-12-12T18:18:03,057 INFO [main] org.apache.druid.initialization.Initialization - added URL[file:/opt/druid/extensions/druid-hdfs-storage/commons-net-3.1.jar] for extension[druid-hdfs-storage]
2019-12-12T18:18:03,058 INFO [main] org.apache.druid.initialization.Initialization - added URL[file:/opt/druid/extensions/druid-hdfs-storage/hadoop-yarn-common-2.8.3.jar] for extension[druid-hdfs-storage]
2019-12-12T18:18:03,059 INFO [main] org.apache.druid.initialization.Initialization - added URL[file:/opt/druid/extensions/druid-hdfs-storage/jaxb-api-2.3.0.jar] for extension[druid-hdfs-storage]
2019-12-12T18:18:03,059 INFO [main] org.apache.druid.initialization.Initialization - added URL[file:/opt/druid/extensions/druid-hdfs-storage/xmlenc-0.52.jar] for extension[druid-hdfs-storage]
2019-12-12T18:18:03,060 INFO [main] org.apache.druid.initialization.Initialization - added URL[file:/opt/druid/extensions/druid-hdfs-storage/htrace-core4-4.0.1-incubating.jar] for extension[druid-hdfs-storage]
2019-12-12T18:18:03,061 INFO [main] org.apache.druid.initialization.Initialization - added URL[file:/opt/druid/extensions/druid-hdfs-storage/apacheds-kerberos-codec-2.0.0-M15.jar] for extension[druid-hdfs-storage]
2019-12-12T18:18:03,062 INFO [main] org.apache.druid.initialization.Initialization - added URL[file:/opt/druid/extensions/druid-hdfs-storage/hadoop-mapreduce-client-app-2.8.3.jar] for extension[druid-hdfs-storage]
2019-12-12T18:18:03,062 INFO [main] org.apache.druid.initialization.Initialization - added URL[file:/opt/druid/extensions/druid-hdfs-storage/curator-recipes-4.1.0.jar] for extension[druid-hdfs-storage]
2019-12-12T18:18:03,062 INFO [main] org.apache.druid.initialization.Initialization - added URL[file:/opt/druid/extensions/druid-hdfs-storage/jetty-sslengine-6.1.26.jar] for extension[druid-hdfs-storage]
2019-12-12T18:18:03,075 INFO [main] org.apache.druid.initialization.Initialization - Loading extension [druid-kafka-indexing-service] for class [interface org.apache.druid.cli.CliCommandCreator]
2019-12-12T18:18:03,076 INFO [main] org.apache.druid.initialization.Initialization - added URL[file:/opt/druid/extensions/druid-kafka-indexing-service/lz4-java-1.5.0.jar] for extension[druid-kafka-indexing-service]
2019-12-12T18:18:03,076 INFO [main] org.apache.druid.initialization.Initialization - added URL[file:/opt/druid/extensions/druid-kafka-indexing-service/druid-kafka-indexing-service-0.15.1-incubating.jar] for extension[druid-kafka-indexing-service]
2019-12-12T18:18:03,076 INFO [main] org.apache.druid.initialization.Initialization - added URL[file:/opt/druid/extensions/druid-kafka-indexing-service/snappy-java-1.1.7.2.jar] for extension[druid-kafka-indexing-service]
2019-12-12T18:18:03,077 INFO [main] org.apache.druid.initialization.Initialization - added URL[file:/opt/druid/extensions/druid-kafka-indexing-service/kafka-clients-2.1.0.jar] for extension[druid-kafka-indexing-service]
2019-12-12T18:18:03,077 INFO [main] org.apache.druid.initialization.Initialization - added URL[file:/opt/druid/extensions/druid-kafka-indexing-service/zstd-jni-1.3.3-1.jar] for extension[druid-kafka-indexing-service]
2019-12-12T18:18:03,084 INFO [main] org.apache.druid.initialization.Initialization - Loading extension [druid-datasketches] for class [interface org.apache.druid.cli.CliCommandCreator]
2019-12-12T18:18:03,085 INFO [main] org.apache.druid.initialization.Initialization - added URL[file:/opt/druid/extensions/druid-datasketches/commons-math3-3.6.1.jar] for extension[druid-datasketches]
2019-12-12T18:18:03,085 INFO [main] org.apache.druid.initialization.Initialization - added URL[file:/opt/druid/extensions/druid-datasketches/druid-datasketches-0.15.1-incubating.jar] for extension[druid-datasketches]
2019-12-12T18:18:03,086 INFO [main] org.apache.druid.initialization.Initialization - added URL[file:/opt/druid/extensions/druid-datasketches/sketches-core-0.13.4.jar] for extension[druid-datasketches]
2019-12-12T18:18:03,086 INFO [main] org.apache.druid.initialization.Initialization - added URL[file:/opt/druid/extensions/druid-datasketches/slf4j-api-1.7.25.jar] for extension[druid-datasketches]
2019-12-12T18:18:03,086 INFO [main] org.apache.druid.initialization.Initialization - added URL[file:/opt/druid/extensions/druid-datasketches/memory-0.12.2.jar] for extension[druid-datasketches]
2019-12-12T18:18:03,089 INFO [main] org.apache.druid.initialization.Initialization - Loading extension [druid-avro-extensions] for class [interface org.apache.druid.cli.CliCommandCreator]
2019-12-12T18:18:03,095 INFO [main] org.apache.druid.initialization.Initialization - added URL[file:/opt/druid/extensions/druid-avro-extensions/druid-avro-extensions-0.15.1-incubating.jar] for extension[druid-avro-extensions]
2019-12-12T18:18:03,095 INFO [main] org.apache.druid.initialization.Initialization - added URL[file:/opt/druid/extensions/druid-avro-extensions/commons-codec-1.7.jar] for extension[druid-avro-extensions]
2019-12-12T18:18:03,096 INFO [main] org.apache.druid.initialization.Initialization - added URL[file:/opt/druid/extensions/druid-avro-extensions/objenesis-2.6.jar] for extension[druid-avro-extensions]
2019-12-12T18:18:03,096 INFO [main] org.apache.druid.initialization.Initialization - added URL[file:/opt/druid/extensions/druid-avro-extensions/avro-1.8.2.jar] for extension[druid-avro-extensions]
2019-12-12T18:18:03,096 INFO [main] org.apache.druid.initialization.Initialization - added URL[file:/opt/druid/extensions/druid-avro-extensions/velocity-1.7.jar] for extension[druid-avro-extensions]
2019-12-12T18:18:03,096 INFO [main] org.apache.druid.initialization.Initialization - added URL[file:/opt/druid/extensions/druid-avro-extensions/commons-compress-1.16.jar] for extension[druid-avro-extensions]
2019-12-12T18:18:03,097 INFO [main] org.apache.druid.initialization.Initialization - added URL[file:/opt/druid/extensions/druid-avro-extensions/schema-repo-client-0.1.3.jar] for extension[druid-avro-extensions]
2019-12-12T18:18:03,097 INFO [main] org.apache.druid.initialization.Initialization - added URL[file:/opt/druid/extensions/druid-avro-extensions/paranamer-2.7.jar] for extension[druid-avro-extensions]
2019-12-12T18:18:03,097 INFO [main] org.apache.druid.initialization.Initialization - added URL[file:/opt/druid/extensions/druid-avro-extensions/schema-repo-common-0.1.3.jar] for extension[druid-avro-extensions]
2019-12-12T18:18:03,107 INFO [main] org.apache.druid.initialization.Initialization - added URL[file:/opt/druid/extensions/druid-avro-extensions/schema-repo-avro-0.1.3.jar] for extension[druid-avro-extensions]
2019-12-12T18:18:03,107 INFO [main] org.apache.druid.initialization.Initialization - added URL[file:/opt/druid/extensions/druid-avro-extensions/snappy-java-1.1.1.3.jar] for extension[druid-avro-extensions]
2019-12-12T18:18:03,107 INFO [main] org.apache.druid.initialization.Initialization - added URL[file:/opt/druid/extensions/druid-avro-extensions/commons-collections-3.2.1.jar] for extension[druid-avro-extensions]
2019-12-12T18:18:03,108 INFO [main] org.apache.druid.initialization.Initialization - added URL[file:/opt/druid/extensions/druid-avro-extensions/servlet-api-2.5-20081211.jar] for extension[druid-avro-extensions]
2019-12-12T18:18:03,108 INFO [main] org.apache.druid.initialization.Initialization - added URL[file:/opt/druid/extensions/druid-avro-extensions/commons-lang-2.6.jar] for extension[druid-avro-extensions]
2019-12-12T18:18:03,108 INFO [main] org.apache.druid.initialization.Initialization - added URL[file:/opt/druid/extensions/druid-avro-extensions/kafka-schema-registry-client-3.0.1.jar] for extension[druid-avro-extensions]
2019-12-12T18:18:03,108 INFO [main] org.apache.druid.initialization.Initialization - added URL[file:/opt/druid/extensions/druid-avro-extensions/jersey-client-1.15.jar] for extension[druid-avro-extensions]
2019-12-12T18:18:03,109 INFO [main] org.apache.druid.initialization.Initialization - added URL[file:/opt/druid/extensions/druid-avro-extensions/gson-2.3.1.jar] for extension[druid-avro-extensions]
2019-12-12T18:18:03,109 INFO [main] org.apache.druid.initialization.Initialization - added URL[file:/opt/druid/extensions/druid-avro-extensions/avro-mapred-1.8.2-hadoop2.jar] for extension[druid-avro-extensions]
2019-12-12T18:18:03,109 INFO [main] org.apache.druid.initialization.Initialization - added URL[file:/opt/druid/extensions/druid-avro-extensions/jsr311-api-1.1.1.jar] for extension[druid-avro-extensions]
2019-12-12T18:18:03,109 INFO [main] org.apache.druid.initialization.Initialization - added URL[file:/opt/druid/extensions/druid-avro-extensions/jetty-util-6.1.26.jar] for extension[druid-avro-extensions]
2019-12-12T18:18:03,109 INFO [main] org.apache.druid.initialization.Initialization - added URL[file:/opt/druid/extensions/druid-avro-extensions/netty-3.10.6.Final.jar] for extension[druid-avro-extensions]
2019-12-12T18:18:03,110 INFO [main] org.apache.druid.initialization.Initialization - added URL[file:/opt/druid/extensions/druid-avro-extensions/jetty-6.1.26.jar] for extension[druid-avro-extensions]
2019-12-12T18:18:03,110 INFO [main] org.apache.druid.initialization.Initialization - added URL[file:/opt/druid/extensions/druid-avro-extensions/schema-repo-api-0.1.3.jar] for extension[druid-avro-extensions]
2019-12-12T18:18:03,110 INFO [main] org.apache.druid.initialization.Initialization - added URL[file:/opt/druid/extensions/druid-avro-extensions/avro-ipc-1.8.2.jar] for extension[druid-avro-extensions]
2019-12-12T18:18:03,110 INFO [main] org.apache.druid.initialization.Initialization - added URL[file:/opt/druid/extensions/druid-avro-extensions/xz-1.8.jar] for extension[druid-avro-extensions]
2019-12-12T18:18:03,110 INFO [main] org.apache.druid.initialization.Initialization - added URL[file:/opt/druid/extensions/druid-avro-extensions/jersey-core-1.19.3.jar] for extension[druid-avro-extensions]
2019-12-12T18:18:03,297 INFO [main] org.apache.druid.guice.JsonConfigurator - Loaded class[class org.apache.druid.guice.ModulesConfig] from props[druid.modules.] as [ModulesConfig{excludeList=[]}]
2019-12-12T18:18:03,655 INFO [main] org.apache.druid.initialization.Initialization - Adding implementation [org.apache.druid.common.aws.AWSModule] for class [interface org.apache.druid.initialization.DruidModule] from classpath extension
2019-12-12T18:18:03,660 INFO [main] org.apache.druid.initialization.Initialization - Adding implementation [org.apache.druid.common.gcp.GcpModule] for class [interface org.apache.druid.initialization.DruidModule] from classpath extension
2019-12-12T18:18:03,661 INFO [main] org.apache.druid.initialization.Initialization - Loading extension [druid-hdfs-storage] for class [interface org.apache.druid.initialization.DruidModule]
2019-12-12T18:18:03,666 INFO [main] org.apache.druid.initialization.Initialization - Adding implementation [org.apache.druid.storage.hdfs.HdfsStorageDruidModule] for class [interface org.apache.druid.initialization.DruidModule] from local file system extension
2019-12-12T18:18:03,666 INFO [main] org.apache.druid.initialization.Initialization - Loading extension [druid-kafka-indexing-service] for class [interface org.apache.druid.initialization.DruidModule]
2019-12-12T18:18:03,671 INFO [main] org.apache.druid.initialization.Initialization - Adding implementation [org.apache.druid.indexing.kafka.KafkaIndexTaskModule] for class [interface org.apache.druid.initialization.DruidModule] from local file system extension
2019-12-12T18:18:03,672 INFO [main] org.apache.druid.initialization.Initialization - Loading extension [druid-datasketches] for class [interface org.apache.druid.initialization.DruidModule]
2019-12-12T18:18:03,685 INFO [main] org.apache.druid.initialization.Initialization - Adding implementation [org.apache.druid.query.aggregation.datasketches.theta.SketchModule] for class [interface org.apache.druid.initialization.DruidModule] from local file system extension
2019-12-12T18:18:03,687 INFO [main] org.apache.druid.initialization.Initialization - Adding implementation [org.apache.druid.query.aggregation.datasketches.theta.oldapi.OldApiSketchModule] for class [interface org.apache.druid.initialization.DruidModule] from local file system extension
2019-12-12T18:18:03,689 INFO [main] org.apache.druid.initialization.Initialization - Adding implementation [org.apache.druid.query.aggregation.datasketches.quantiles.DoublesSketchModule] for class [interface org.apache.druid.initialization.DruidModule] from local file system extension
2019-12-12T18:18:03,700 INFO [main] org.apache.druid.initialization.Initialization - Adding implementation [org.apache.druid.query.aggregation.datasketches.tuple.ArrayOfDoublesSketchModule] for class [interface org.apache.druid.initialization.DruidModule] from local file system extension
2019-12-12T18:18:03,703 INFO [main] org.apache.druid.initialization.Initialization - Adding implementation [org.apache.druid.query.aggregation.datasketches.hll.HllSketchModule] for class [interface org.apache.druid.initialization.DruidModule] from local file system extension
2019-12-12T18:18:03,704 INFO [main] org.apache.druid.initialization.Initialization - Loading extension [druid-avro-extensions] for class [interface org.apache.druid.initialization.DruidModule]
2019-12-12T18:18:03,715 INFO [main] org.apache.druid.initialization.Initialization - Adding implementation [org.apache.druid.data.input.avro.AvroExtensionsModule] for class [interface org.apache.druid.initialization.DruidModule] from local file system extension
2019-12-12T18:18:06,505 WARN [main] org.apache.hadoop.util.NativeCodeLoader - Unable to load native-hadoop library for your platform... using builtin-java classes where applicable
2019-12-12T18:18:08,748 INFO [main] org.apache.druid.guice.JsonConfigurator - Loaded class[class org.apache.druid.server.DruidNode] from props[druid.] as [DruidNode{serviceName='druid/historical', host='localhost', bindOnHost=false, port=-1, plaintextPort=8083, enablePlaintextPort=true, tlsPort=-1, enableTlsPort=false}]
2019-12-12T18:18:08,814 INFO [main] org.apache.druid.guice.JsonConfigurator - Loaded class[class org.apache.druid.curator.CuratorConfig] from props[druid.zk.service.] as [org.apache.druid.curator.CuratorConfig@78cd163b]
2019-12-12T18:18:08,841 INFO [main] org.apache.druid.guice.JsonConfigurator - Loaded class[class org.apache.druid.curator.ExhibitorConfig] from props[druid.exhibitor.service.] as [org.apache.druid.curator.ExhibitorConfig@36417a54]
2019-12-12T18:18:09,126 INFO [main] org.apache.curator.utils.Compatibility - Running in ZooKeeper 3.4.x compatibility mode
2019-12-12T18:18:09,129 WARN [main] org.apache.curator.retry.ExponentialBackoffRetry - maxRetries too large (30). Pinning to 29
2019-12-12T18:18:09,319 INFO [main] org.apache.druid.guice.JsonConfigurator - Loaded class[class org.apache.druid.server.initialization.ZkPathsConfig] from props[druid.zk.paths.] as [org.apache.druid.server.initialization.ZkPathsConfig@22e2266d]
2019-12-12T18:18:09,351 INFO [main] org.apache.druid.guice.JsonConfigurator - Loaded class[class org.apache.druid.server.initialization.CuratorDiscoveryConfig] from props[druid.discovery.curator.] as [org.apache.druid.server.initialization.CuratorDiscoveryConfig@524270b8]
2019-12-12T18:18:09,456 INFO [main] org.apache.druid.guice.JsonConfigurator - Loaded class[interface org.apache.druid.server.security.Escalator] from props[druid.escalator.] as [NoopEscalator{}]
2019-12-12T18:18:09,514 INFO [main] org.apache.druid.guice.JsonConfigurator - Loaded class[class org.apache.druid.server.security.AuthConfig] from props[druid.auth.] as [AuthConfig{authenticatorChain=null, authorizers=null, unsecuredPaths=[], allowUnauthenticatedHttpOptions=false}]
2019-12-12T18:18:09,703 INFO [main] org.apache.druid.guice.JsonConfigurator - Loaded class[class org.apache.druid.server.metrics.DruidMonitorSchedulerConfig] from props[druid.monitoring.] as [org.apache.druid.server.metrics.DruidMonitorSchedulerConfig@44b21f9f]
2019-12-12T18:18:09,725 INFO [main] org.apache.druid.guice.JsonConfigurator - Loaded class[class org.apache.druid.server.metrics.MonitorsConfig] from props[druid.monitoring.] as [MonitorsConfig{monitors=[class org.apache.druid.java.util.metrics.JvmMonitor]}]
2019-12-12T18:18:09,726 INFO [main] org.apache.druid.server.emitter.EmitterModule - Underlying emitter for ServiceEmitter: org.apache.druid.java.util.emitter.core.NoopEmitter@444f44c5
2019-12-12T18:18:09,726 INFO [main] org.apache.druid.server.emitter.EmitterModule - Extra service dimensions: {version=0.15.1-incubating}
2019-12-12T18:18:09,821 INFO [main] org.apache.druid.server.metrics.MetricsModule - Adding monitor[org.apache.druid.java.util.metrics.JvmMonitor@6504a875]
2019-12-12T18:18:09,830 INFO [main] org.apache.druid.server.metrics.MetricsModule - Adding monitor[org.apache.druid.query.ExecutorServiceMonitor@2538bc06]
2019-12-12T18:18:09,899 INFO [main] org.apache.druid.guice.JsonConfigurator - Loaded class[interface org.apache.druid.client.cache.CacheProvider] from props[druid.cache.] as [org.apache.druid.client.cache.CaffeineCacheProvider@31e76a8d]
2019-12-12T18:18:10,609 INFO [main] org.apache.druid.server.metrics.MetricsModule - Adding monitor[org.apache.druid.client.cache.CacheMonitor@6dd36ab6]
2019-12-12T18:18:10,611 INFO [main] org.apache.druid.server.metrics.MetricsModule - Adding monitor[org.apache.druid.server.initialization.jetty.JettyServerModule$JettyMonitor@53c99b09]
2019-12-12T18:18:10,618 INFO [main] org.apache.druid.guice.JsonConfigurator - Loaded class[class org.apache.druid.server.log.StartupLoggingConfig] from props[druid.startup.logging.] as [org.apache.druid.server.log.StartupLoggingConfig@36ab3814]
2019-12-12T18:18:10,620 INFO [main] org.apache.druid.cli.CliHistorical - Starting up with processors[8], memory[536,870,912], maxMemory[536,870,912], directMemory[1,342,177,280].
2019-12-12T18:18:10,626 INFO [main] org.apache.druid.cli.CliHistorical - * awt.toolkit: sun.awt.X11.XToolkit
2019-12-12T18:18:10,627 INFO [main] org.apache.druid.cli.CliHistorical - * druid.cache.sizeInBytes: 10000000
2019-12-12T18:18:10,627 INFO [main] org.apache.druid.cli.CliHistorical - * druid.cache.type: caffeine
2019-12-12T18:18:10,627 INFO [main] org.apache.druid.cli.CliHistorical - * druid.emitter: noop
2019-12-12T18:18:10,627 INFO [main] org.apache.druid.cli.CliHistorical - * druid.emitter.logging.logLevel: info
2019-12-12T18:18:10,627 INFO [main] org.apache.druid.cli.CliHistorical - * druid.extensions.loadList: ["druid-hdfs-storage", "druid-kafka-indexing-service", "druid-datasketches", "druid-avro-extensions"]
2019-12-12T18:18:10,627 INFO [main] org.apache.druid.cli.CliHistorical - * druid.historical.cache.populateCache: true
2019-12-12T18:18:10,628 INFO [main] org.apache.druid.cli.CliHistorical - * druid.historical.cache.useCache: true
2019-12-12T18:18:10,628 INFO [main] org.apache.druid.cli.CliHistorical - * druid.host: localhost
2019-12-12T18:18:10,628 INFO [main] org.apache.druid.cli.CliHistorical - * druid.indexer.logs.directory: var/druid/indexing-logs
2019-12-12T18:18:10,628 INFO [main] org.apache.druid.cli.CliHistorical - * druid.indexer.logs.type: file
2019-12-12T18:18:10,628 INFO [main] org.apache.druid.cli.CliHistorical - * druid.indexing.doubleStorage: double
2019-12-12T18:18:10,628 INFO [main] org.apache.druid.cli.CliHistorical - * druid.javascript.enabled: true
2019-12-12T18:18:10,628 INFO [main] org.apache.druid.cli.CliHistorical - * druid.lookup.enableLookupSyncOnStartup: false
2019-12-12T18:18:10,629 INFO [main] org.apache.druid.cli.CliHistorical - * druid.metadata.storage.connector.connectURI: jdbc:derby://localhost:1527/var/druid/metadata.db;create=true
2019-12-12T18:18:10,629 INFO [main] org.apache.druid.cli.CliHistorical - * druid.metadata.storage.connector.host: localhost
2019-12-12T18:18:10,629 INFO [main] org.apache.druid.cli.CliHistorical - * druid.metadata.storage.connector.port: 1527
2019-12-12T18:18:10,629 INFO [main] org.apache.druid.cli.CliHistorical - * druid.metadata.storage.type: derby
2019-12-12T18:18:10,629 INFO [main] org.apache.druid.cli.CliHistorical - * druid.monitoring.monitors: ["org.apache.druid.java.util.metrics.JvmMonitor"]
2019-12-12T18:18:10,629 INFO [main] org.apache.druid.cli.CliHistorical - * druid.plaintextPort: 8083
2019-12-12T18:18:10,629 INFO [main] org.apache.druid.cli.CliHistorical - * druid.processing.buffer.sizeBytes: 200000000
2019-12-12T18:18:10,630 INFO [main] org.apache.druid.cli.CliHistorical - * druid.processing.numMergeBuffers: 2
2019-12-12T18:18:10,630 INFO [main] org.apache.druid.cli.CliHistorical - * druid.processing.numThreads: 2
2019-12-12T18:18:10,630 INFO [main] org.apache.druid.cli.CliHistorical - * druid.processing.tmpDir: var/druid/processing
2019-12-12T18:18:10,630 INFO [main] org.apache.druid.cli.CliHistorical - * druid.segmentCache.locations: [{"path":"var/druid/segment-cache","maxSize":300000000000}]
2019-12-12T18:18:10,630 INFO [main] org.apache.druid.cli.CliHistorical - * druid.selectors.coordinator.serviceName: druid/coordinator
2019-12-12T18:18:10,630 INFO [main] org.apache.druid.cli.CliHistorical - * druid.selectors.indexing.serviceName: druid/overlord
2019-12-12T18:18:10,630 INFO [main] org.apache.druid.cli.CliHistorical - * druid.server.hiddenProperties: ["druid.s3.accessKey","druid.s3.secretKey","druid.metadata.storage.connector.password"]
2019-12-12T18:18:10,631 INFO [main] org.apache.druid.cli.CliHistorical - * druid.server.http.numThreads: 12
2019-12-12T18:18:10,631 INFO [main] org.apache.druid.cli.CliHistorical - * druid.server.maxSize: 300000000000
2019-12-12T18:18:10,631 INFO [main] org.apache.druid.cli.CliHistorical - * druid.service: druid/historical
2019-12-12T18:18:10,631 INFO [main] org.apache.druid.cli.CliHistorical - * druid.sql.enable: true
2019-12-12T18:18:10,631 INFO [main] org.apache.druid.cli.CliHistorical - * druid.startup.logging.logProperties: true
2019-12-12T18:18:10,631 INFO [main] org.apache.druid.cli.CliHistorical - * druid.storage.storageDirectory: var/druid/segments
2019-12-12T18:18:10,631 INFO [main] org.apache.druid.cli.CliHistorical - * druid.storage.type: local
2019-12-12T18:18:10,632 INFO [main] org.apache.druid.cli.CliHistorical - * druid.zk.paths.base: /druid
2019-12-12T18:18:10,632 INFO [main] org.apache.druid.cli.CliHistorical - * druid.zk.service.host: localhost
2019-12-12T18:18:10,632 INFO [main] org.apache.druid.cli.CliHistorical - * file.encoding: UTF-8
2019-12-12T18:18:10,632 INFO [main] org.apache.druid.cli.CliHistorical - * file.encoding.pkg: sun.io
2019-12-12T18:18:10,632 INFO [main] org.apache.druid.cli.CliHistorical - * file.separator: /
2019-12-12T18:18:10,632 INFO [main] org.apache.druid.cli.CliHistorical - * java.awt.graphicsenv: sun.awt.X11GraphicsEnvironment
2019-12-12T18:18:10,632 INFO [main] org.apache.druid.cli.CliHistorical - * java.awt.printerjob: sun.print.PSPrinterJob
2019-12-12T18:18:10,633 INFO [main] org.apache.druid.cli.CliHistorical - * java.class.path: /opt/druid/conf/druid/single-server/micro-quickstart/historical:/opt/druid/conf/druid/single-server/micro-quickstart/_common:/opt/druid/conf/druid/single-server/micro-quickstart/_common/hadoop-xml:/opt/druid/conf/druid/single-server/micro-quickstart/../_common:/opt/druid/conf/druid/single-server/micro-quickstart/../_common/hadoop-xml:/opt/druid/bin/../lib/janino-2.7.6.jar:/opt/druid/bin/../lib/commons-io-2.5.jar:/opt/druid/bin/../lib/commons-codec-1.7.jar:/opt/druid/bin/../lib/jackson-core-asl-1.9.13.jar:/opt/druid/bin/../lib/lz4-java-1.5.0.jar:/opt/druid/bin/../lib/druid-indexing-hadoop-0.15.1-incubating.jar:/opt/druid/bin/../lib/jvm-attach-api-1.5.jar:/opt/druid/bin/../lib/netty-handler-4.1.29.Final.jar:/opt/druid/bin/../lib/objenesis-2.6.jar:/opt/druid/bin/../lib/httpclient-4.5.3.jar:/opt/druid/bin/../lib/druid-processing-0.15.1-incubating.jar:/opt/druid/bin/../lib/asm-analysis-7.1.jar:/opt/druid/bin/../lib/joda-time-2.9.9.jar:/opt/druid/bin/../lib/netty-resolver-dns-4.1.29.Final.jar:/opt/druid/bin/../lib/jsr305-2.0.1.jar:/opt/druid/bin/../lib/commons-text-1.3.jar:/opt/druid/bin/../lib/druid-core-0.15.1-incubating.jar:/opt/druid/bin/../lib/maven-model-3.1.1.jar:/opt/druid/bin/../lib/calcite-linq4j-1.17.0.jar:/opt/druid/bin/../lib/commons-lang3-3.7.jar:/opt/druid/bin/../lib/commons-cli-1.2.jar:/opt/druid/bin/../lib/maven-repository-metadata-3.1.1.jar:/opt/druid/bin/../lib/maven-artifact-3.6.0.jar:/opt/druid/bin/../lib/commons-pool-1.6.jar:/opt/druid/bin/../lib/aether-connector-file-0.9.0.M2.jar:/opt/druid/bin/../lib/commons-collections-3.2.2.jar:/opt/druid/bin/../lib/compress-lzf-1.0.4.jar:/opt/druid/bin/../lib/google-oauth-client-1.22.0.jar:/opt/druid/bin/../lib/commons-beanutils-1.9.3.jar:/opt/druid/bin/../lib/commons-compress-1.16.jar:/opt/druid/bin/../lib/calcite-core-1.17.0.jar:/opt/druid/bin/../lib/netty-common-4.1.29.Final.jar:/opt/druid/bin/../lib/aether-util-0.9.0.M2.jar:/opt/druid/bin/../lib/jetty-continuation-9.4.10.v20180503.jar:/opt/druid/bin/../lib/jna-4.5.1.jar:/opt/druid/bin/../lib/jcodings-1.0.13.jar:/opt/druid/bin/../lib/async-http-client-2.5.3.jar:/opt/druid/bin/../lib/jackson-datatype-guava-2.6.7.jar:/opt/druid/bin/../lib/aether-impl-0.9.0.M2.jar:/opt/druid/bin/../lib/airline-0.7.jar:/opt/druid/bin/../lib/curator-framework-4.1.0.jar:/opt/druid/bin/../lib/protobuf-java-3.1.0.jar:/opt/druid/bin/../lib/plexus-utils-3.0.15.jar:/opt/druid/bin/../lib/druid-aws-common-0.15.1-incubating.jar:/opt/druid/bin/../lib/log4j-jul-2.5.jar:/opt/druid/bin/../lib/jetty-server-9.4.10.v20180503.jar:/opt/druid/bin/../lib/log4j-core-2.5.jar:/opt/druid/bin/../lib/aether-spi-0.9.0.M2.jar:/opt/druid/bin/../lib/joni-2.1.11.jar:/opt/druid/bin/../lib/jmespath-java-1.11.199.jar:/opt/druid/bin/../lib/google-api-client-1.22.0.jar:/opt/druid/bin/../lib/netty-codec-4.1.29.Final.jar:/opt/druid/bin/../lib/aopalliance-1.0.jar:/opt/druid/bin/../lib/javax.inject-1.jar:/opt/druid/bin/../lib/mapdb-1.0.8.jar:/opt/druid/bin/../lib/guice-servlet-4.1.0.jar:/opt/druid/bin/../lib/netty-buffer-4.1.29.Final.jar:/opt/druid/bin/../lib/maven-settings-3.1.1.jar:/opt/druid/bin/../lib/netty-transport-4.1.29.Final.jar:/opt/druid/bin/../lib/jetty-io-9.4.10.v20180503.jar:/opt/druid/bin/../lib/jersey-servlet-1.19.3.jar:/opt/druid/bin/../lib/fastutil-8.1.0.jar:/opt/druid/bin/../lib/commons-math3-3.6.1.jar:/opt/druid/bin/../lib/aws-java-sdk-ec2-1.11.199.jar:/opt/druid/bin/../lib/RoaringBitmap-0.8.0.jar:/opt/druid/bin/../lib/netty-transport-native-epoll-4.1.29.Final-linux-x86_64.jar:/opt/druid/bin/../lib/jackson-databind-2.6.7.jar:/opt/druid/bin/../lib/jersey-guice-1.19.3.jar:/opt/druid/bin/../lib/config-magic-0.9.jar:/opt/druid/bin/../lib/json-path-2.3.0.jar:/opt/druid/bin/../lib/classmate-1.0.0.jar:/opt/druid/bin/../lib/zookeeper-3.4.11.jar:/opt/druid/bin/../lib/maven-aether-provider-3.1.1.jar:/opt/druid/bin/../lib/netty-resolver-4.1.29.Final.jar:/opt/druid/bin/../lib/reactive-streams-1.0.2.jar:/opt/druid/bin/../lib/jetty-util-9.4.10.v20180503.jar:/opt/druid/bin/../lib/jetty-servlet-9.4.10.v20180503.jar:/opt/druid/bin/../lib/jackson-dataformat-smile-2.6.7.jar:/opt/druid/bin/../lib/jackson-core-2.6.7.jar:/opt/druid/bin/../lib/jetty-proxy-9.4.10.v20180503.jar:/opt/druid/bin/../lib/accessors-smart-1.2.jar:/opt/druid/bin/../lib/derby-10.11.1.1.jar:/opt/druid/bin/../lib/druid-sql-0.15.1-incubating.jar:/opt/druid/bin/../lib/druid-console-0.15.1-incubating.jar:/opt/druid/bin/../lib/plexus-interpolation-1.19.jar:/opt/druid/bin/../lib/avatica-core-1.10.0.jar:/opt/druid/bin/../lib/druid-hll-0.15.1-incubating.jar:/opt/druid/bin/../lib/druid-gcp-common-0.15.1-incubating.jar:/opt/druid/bin/../lib/jboss-logging-3.1.3.GA.jar:/opt/druid/bin/../lib/netty-codec-socks-4.1.29.Final.jar:/opt/druid/bin/../lib/disruptor-3.3.6.jar:/opt/druid/bin/../lib/icu4j-54.1.1.jar:/opt/druid/bin/../lib/wagon-provider-api-2.4.jar:/opt/druid/bin/../lib/javax.el-api-3.0.0.jar:/opt/druid/bin/../lib/jackson-datatype-joda-2.6.7.jar:/opt/druid/bin/../lib/httpcore-4.4.4.jar:/opt/druid/bin/../lib/jackson-jaxrs-smile-provider-2.6.7.jar:/opt/druid/bin/../lib/tesla-aether-0.0.5.jar:/opt/druid/bin/../lib/jackson-dataformat-cbor-2.6.7.jar:/opt/druid/bin/../lib/netty-reactive-streams-2.0.0.jar:/opt/druid/bin/../lib/netty-codec-dns-4.1.29.Final.jar:/opt/druid/bin/../lib/javax.el-3.0.0.jar:/opt/druid/bin/../lib/netty-codec-http-4.1.29.Final.jar:/opt/druid/bin/../lib/jackson-module-guice-2.6.7.jar:/opt/druid/bin/../lib/netty-all-4.1.30.Final.jar:/opt/druid/bin/../lib/jackson-jq-0.0.7.jar:/opt/druid/bin/../lib/commons-lang-2.6.jar:/opt/druid/bin/../lib/commons-collections4-4.1.jar:/opt/druid/bin/../lib/aether-connector-okhttp-0.0.9.jar:/opt/druid/bin/../lib/validation-api-1.1.0.Final.jar:/opt/druid/bin/../lib/error_prone_annotations-2.3.2.jar:/opt/druid/bin/../lib/avatica-metrics-1.10.0.jar:/opt/druid/bin/../lib/curator-client-4.1.0.jar:/opt/druid/bin/../lib/checker-qual-2.5.7.jar:/opt/druid/bin/../lib/asm-commons-7.1.jar:/opt/druid/bin/../lib/jdbi-2.63.1.jar:/opt/druid/bin/../lib/ion-java-1.0.2.jar:/opt/druid/bin/../lib/antlr4-runtime-4.5.1.jar:/opt/druid/bin/../lib/okhttp-1.0.2.jar:/opt/druid/bin/../lib/jackson-mapper-asl-1.9.13.jar:/opt/druid/bin/../lib/netty-transport-native-unix-common-4.1.29.Final.jar:/opt/druid/bin/../lib/druid-services-0.15.1-incubating.jar:/opt/druid/bin/../lib/jackson-jaxrs-json-provider-2.6.7.jar:/opt/druid/bin/../lib/aws-java-sdk-s3-1.11.199.jar:/opt/druid/bin/../lib/asm-7.1.jar:/opt/druid/bin/../lib/jsr311-api-1.1.1.jar:/opt/druid/bin/../lib/javax.activation-1.2.0.jar:/opt/druid/bin/../lib/jackson-module-jaxb-annotations-2.6.7.jar:/opt/druid/bin/../lib/netty-handler-proxy-4.1.29.Final.jar:/opt/druid/bin/../lib/slf4j-api-1.7.25.jar:/opt/druid/bin/../lib/maven-model-builder-3.1.1.jar:/opt/druid/bin/../lib/jetty-client-9.4.10.v20180503.jar:/opt/druid/bin/../lib/commons-logging-1.1.1.jar:/opt/druid/bin/../lib/commons-compiler-2.7.6.jar:/opt/druid/bin/../lib/jetty-security-9.4.10.v20180503.jar:/opt/druid/bin/../lib/audience-annotations-0.5.0.jar:/opt/druid/bin/../lib/esri-geometry-api-2.0.0.jar:/opt/druid/bin/../lib/log4j-1.2-api-2.5.jar:/opt/druid/bin/../lib/guice-multibindings-4.1.0.jar:/opt/druid/bin/../lib/jetty-servlets-9.4.10.v20180503.jar:/opt/druid/bin/../lib/jersey-server-1.19.3.jar:/opt/druid/bin/../lib/aether-api-0.9.0.M2.jar:/opt/druid/bin/../lib/caffeine-2.5.5.jar:/opt/druid/bin/../lib/maven-settings-builder-3.1.1.jar:/opt/druid/bin/../lib/log4j-slf4j-impl-2.5.jar:/opt/druid/bin/../lib/netty-3.10.6.Final.jar:/opt/druid/bin/../lib/json-smart-2.3.jar:/opt/druid/bin/../lib/google-http-client-1.22.0.jar:/opt/druid/bin/../lib/zstd-jni-1.3.3-1.jar:/opt/druid/bin/../lib/hibernate-validator-5.1.3.Final.jar:/opt/druid/bin/../lib/derbyclient-10.11.1.1.jar:/opt/druid/bin/../lib/shims-0.8.0.jar:/opt/druid/bin/../lib/avatica-server-1.10.0.jar:/opt/druid/bin/../lib/opencsv-4.2.jar:/opt/druid/bin/../lib/derbynet-10.11.1.1.jar:/opt/druid/bin/../lib/async-http-client-netty-utils-2.5.3.jar:/opt/druid/bin/../lib/extendedset-0.15.1-incubating.jar:/opt/druid/bin/../lib/curator-x-discovery-4.1.0.jar:/opt/druid/bin/../lib/commons-pool2-2.2.jar:/opt/druid/bin/../lib/aws-java-sdk-kms-1.11.199.jar:/opt/druid/bin/../lib/guava-16.0.1.jar:/opt/druid/bin/../lib/jline-0.9.94.jar:/opt/druid/bin/../lib/javax.servlet-api-3.1.0.jar:/opt/druid/bin/../lib/guice-4.1.0.jar:/opt/druid/bin/../lib/log4j-api-2.5.jar:/opt/druid/bin/../lib/asm-tree-7.1.jar:/opt/druid/bin/../lib/commons-dbcp2-2.0.1.jar:/opt/druid/bin/../lib/spymemcached-2.12.3.jar:/opt/druid/bin/../lib/metrics-core-4.0.0.jar:/opt/druid/bin/../lib/aggdesigner-algorithm-6.0.jar:/opt/druid/bin/../lib/jackson-jaxrs-base-2.6.7.jar:/opt/druid/bin/../lib/sigar-1.6.5.132.jar:/opt/druid/bin/../lib/jackson-annotations-2.6.7.jar:/opt/druid/bin/../lib/rhino-1.7R5.jar:/opt/druid/bin/../lib/jetty-http-9.4.10.v20180503.jar:/opt/druid/bin/../lib/xz-1.8.jar:/opt/druid/bin/../lib/jaxb-api-2.3.0.jar:/opt/druid/bin/../lib/druid-server-0.15.1-incubating.jar:/opt/druid/bin/../lib/jersey-core-1.19.3.jar:/opt/druid/bin/../lib/jcl-over-slf4j-1.7.12.jar:/opt/druid/bin/../lib/aws-java-sdk-core-1.11.199.jar:/opt/druid/bin/../lib/druid-indexing-service-0.15.1-incubating.jar:/opt/druid/bin/../lib/curator-recipes-4.1.0.jar:/opt/druid/bin/../lib/google-http-client-jackson2-1.22.0.jar
2019-12-12T18:18:10,633 INFO [main] org.apache.druid.cli.CliHistorical - * java.class.version: 52.0
2019-12-12T18:18:10,633 INFO [main] org.apache.druid.cli.CliHistorical - * java.endorsed.dirs: /usr/local/openjdk-8/jre/lib/endorsed
2019-12-12T18:18:10,633 INFO [main] org.apache.druid.cli.CliHistorical - * java.ext.dirs: /usr/local/openjdk-8/jre/lib/ext:/usr/java/packages/lib/ext
2019-12-12T18:18:10,633 INFO [main] org.apache.druid.cli.CliHistorical - * java.home: /usr/local/openjdk-8/jre
2019-12-12T18:18:10,634 INFO [main] org.apache.druid.cli.CliHistorical - * java.io.tmpdir: var/tmp
2019-12-12T18:18:10,634 INFO [main] org.apache.druid.cli.CliHistorical - * java.library.path: /usr/java/packages/lib/amd64:/usr/lib64:/lib64:/lib:/usr/lib
2019-12-12T18:18:10,634 INFO [main] org.apache.druid.cli.CliHistorical - * java.runtime.name: OpenJDK Runtime Environment
2019-12-12T18:18:10,634 INFO [main] org.apache.druid.cli.CliHistorical - * java.runtime.version: 1.8.0_222-b10
2019-12-12T18:18:10,634 INFO [main] org.apache.druid.cli.CliHistorical - * java.specification.name: Java Platform API Specification
2019-12-12T18:18:10,634 INFO [main] org.apache.druid.cli.CliHistorical - * java.specification.vendor: Oracle Corporation
2019-12-12T18:18:10,634 INFO [main] org.apache.druid.cli.CliHistorical - * java.specification.version: 1.8
2019-12-12T18:18:10,634 INFO [main] org.apache.druid.cli.CliHistorical - * java.util.logging.manager: org.apache.logging.log4j.jul.LogManager
2019-12-12T18:18:10,635 INFO [main] org.apache.druid.cli.CliHistorical - * java.vendor: Oracle Corporation
2019-12-12T18:18:10,635 INFO [main] org.apache.druid.cli.CliHistorical - * java.vendor.url: http://java.oracle.com/
2019-12-12T18:18:10,635 INFO [main] org.apache.druid.cli.CliHistorical - * java.vendor.url.bug: http://bugreport.sun.com/bugreport/
2019-12-12T18:18:10,635 INFO [main] org.apache.druid.cli.CliHistorical - * java.version: 1.8.0_222
2019-12-12T18:18:10,635 INFO [main] org.apache.druid.cli.CliHistorical - * java.vm.info: mixed mode
2019-12-12T18:18:10,635 INFO [main] org.apache.druid.cli.CliHistorical - * java.vm.name: OpenJDK 64-Bit Server VM
2019-12-12T18:18:10,635 INFO [main] org.apache.druid.cli.CliHistorical - * java.vm.specification.name: Java Virtual Machine Specification
2019-12-12T18:18:10,635 INFO [main] org.apache.druid.cli.CliHistorical - * java.vm.specification.vendor: Oracle Corporation
2019-12-12T18:18:10,636 INFO [main] org.apache.druid.cli.CliHistorical - * java.vm.specification.version: 1.8
2019-12-12T18:18:10,636 INFO [main] org.apache.druid.cli.CliHistorical - * java.vm.vendor: Oracle Corporation
2019-12-12T18:18:10,636 INFO [main] org.apache.druid.cli.CliHistorical - * java.vm.version: 25.222-b10
2019-12-12T18:18:10,636 INFO [main] org.apache.druid.cli.CliHistorical - * line.separator: 

2019-12-12T18:18:10,636 INFO [main] org.apache.druid.cli.CliHistorical - * log4j.shutdownCallbackRegistry: org.apache.druid.common.config.Log4jShutdown
2019-12-12T18:18:10,636 INFO [main] org.apache.druid.cli.CliHistorical - * log4j.shutdownHookEnabled: true
2019-12-12T18:18:10,636 INFO [main] org.apache.druid.cli.CliHistorical - * os.arch: amd64
2019-12-12T18:18:10,637 INFO [main] org.apache.druid.cli.CliHistorical - * os.name: Linux
2019-12-12T18:18:10,637 INFO [main] org.apache.druid.cli.CliHistorical - * os.version: 5.0.0-37-generic
2019-12-12T18:18:10,637 INFO [main] org.apache.druid.cli.CliHistorical - * path.separator: :
2019-12-12T18:18:10,637 INFO [main] org.apache.druid.cli.CliHistorical - * sun.arch.data.model: 64
2019-12-12T18:18:10,637 INFO [main] org.apache.druid.cli.CliHistorical - * sun.boot.class.path: /usr/local/openjdk-8/jre/lib/resources.jar:/usr/local/openjdk-8/jre/lib/rt.jar:/usr/local/openjdk-8/jre/lib/sunrsasign.jar:/usr/local/openjdk-8/jre/lib/jsse.jar:/usr/local/openjdk-8/jre/lib/jce.jar:/usr/local/openjdk-8/jre/lib/charsets.jar:/usr/local/openjdk-8/jre/lib/jfr.jar:/usr/local/openjdk-8/jre/classes
2019-12-12T18:18:10,637 INFO [main] org.apache.druid.cli.CliHistorical - * sun.boot.library.path: /usr/local/openjdk-8/jre/lib/amd64
2019-12-12T18:18:10,637 INFO [main] org.apache.druid.cli.CliHistorical - * sun.cpu.endian: little
2019-12-12T18:18:10,637 INFO [main] org.apache.druid.cli.CliHistorical - * sun.cpu.isalist: 
2019-12-12T18:18:10,638 INFO [main] org.apache.druid.cli.CliHistorical - * sun.io.unicode.encoding: UnicodeLittle
2019-12-12T18:18:10,638 INFO [main] org.apache.druid.cli.CliHistorical - * sun.java.command: org.apache.druid.cli.Main server historical
2019-12-12T18:18:10,638 INFO [main] org.apache.druid.cli.CliHistorical - * sun.java.launcher: SUN_STANDARD
2019-12-12T18:18:10,638 INFO [main] org.apache.druid.cli.CliHistorical - * sun.jnu.encoding: UTF-8
2019-12-12T18:18:10,638 INFO [main] org.apache.druid.cli.CliHistorical - * sun.management.compiler: HotSpot 64-Bit Tiered Compilers
2019-12-12T18:18:10,638 INFO [main] org.apache.druid.cli.CliHistorical - * sun.os.patch.level: unknown
2019-12-12T18:18:10,638 INFO [main] org.apache.druid.cli.CliHistorical - * user.dir: /opt/druid
2019-12-12T18:18:10,638 INFO [main] org.apache.druid.cli.CliHistorical - * user.home: /root
2019-12-12T18:18:10,639 INFO [main] org.apache.druid.cli.CliHistorical - * user.language: en
2019-12-12T18:18:10,639 INFO [main] org.apache.druid.cli.CliHistorical - * user.name: root
2019-12-12T18:18:10,639 INFO [main] org.apache.druid.cli.CliHistorical - * user.timezone: UTC
2019-12-12T18:18:10,642 INFO [main] org.apache.druid.guice.JsonConfigurator - Loaded class[class org.apache.druid.storage.hdfs.HdfsKerberosConfig] from props[druid.hadoop.security.kerberos.] as [org.apache.druid.storage.hdfs.HdfsKerberosConfig@0]
2019-12-12T18:18:10,666 INFO [main] org.apache.druid.guice.JsonConfigurator - Loaded class[class org.apache.druid.server.initialization.ServerConfig] from props[druid.server.http.] as [ServerConfig{numThreads=12, queueSize=2147483647, enableRequestLimit=false, maxIdleTime=PT5M, defaultQueryTimeout=300000, maxScatterGatherBytes=9223372036854775807, maxQueryTimeout=9223372036854775807, maxRequestHeaderSize=8192, gracefulShutdownTimeout=PT0S, unannouncePropagationDelay=PT0S, inflateBufferSize=4096, compressionLevel=-1}]
2019-12-12T18:18:10,675 INFO [main] org.apache.druid.guice.JsonConfigurator - Loaded class[class org.apache.druid.server.initialization.TLSServerConfig] from props[druid.server.https.] as [TLSServerConfig{keyStorePath='null', keyStoreType='null', certAlias='null', keyManagerFactoryAlgorithm='null', includeCipherSuites=null, excludeCipherSuites=null, includeProtocols=null, excludeProtocols=null, requireClientCertificate=false, requestClientCertificate=false, trustStoreType='null', trustStorePath='null', trustStoreAlgorithm='null', validateHostnames='true', crlPath='null'}]
2019-12-12T18:18:10,699 INFO [main] org.eclipse.jetty.util.log - Logging initialized @10643ms to org.eclipse.jetty.util.log.Slf4jLog
2019-12-12T18:18:10,716 INFO [main] org.apache.druid.server.initialization.jetty.JettyServerModule - Creating http connector with port [8083]
2019-12-12T18:18:10,955 INFO [main] org.skife.config.ConfigurationObjectFactory - Using method itself for [${base_path}.fifo] on [org.apache.druid.query.DruidProcessingConfig#isFifo()]
2019-12-12T18:18:10,958 INFO [main] org.skife.config.ConfigurationObjectFactory - Assigning value [var/druid/processing] for [druid.processing.tmpDir] on [org.apache.druid.query.DruidProcessingConfig#getTmpDir()]
2019-12-12T18:18:10,959 INFO [main] org.skife.config.ConfigurationObjectFactory - Assigning value [200000000] for [druid.processing.buffer.sizeBytes] on [org.apache.druid.query.DruidProcessingConfig#intermediateComputeSizeBytesConfigured()]
2019-12-12T18:18:10,959 INFO [main] org.skife.config.ConfigurationObjectFactory - Assigning value [2] for [druid.processing.numThreads] on [org.apache.druid.query.DruidProcessingConfig#getNumThreadsConfigured()]
2019-12-12T18:18:10,962 INFO [main] org.skife.config.ConfigurationObjectFactory - Assigning value [2] for [druid.processing.numMergeBuffers] on [org.apache.druid.query.DruidProcessingConfig#getNumMergeBuffersConfigured()]
2019-12-12T18:18:10,962 INFO [main] org.skife.config.ConfigurationObjectFactory - Using method itself for [${base_path}.columnCache.sizeBytes] on [org.apache.druid.query.DruidProcessingConfig#columnCacheSizeBytes()]
2019-12-12T18:18:10,962 INFO [main] org.skife.config.ConfigurationObjectFactory - Using method itself for [druid.computation.buffer.poolCacheMaxCount, ${base_path}.buffer.poolCacheMaxCount] on [org.apache.druid.query.DruidProcessingConfig#poolCacheMaxCount()]
2019-12-12T18:18:10,963 INFO [main] org.skife.config.ConfigurationObjectFactory - Assigning default value [processing-%s] for [${base_path}.formatString] on [org.apache.druid.java.util.common.concurrent.ExecutorServiceConfig#getFormatString()]
2019-12-12T18:18:11,137 INFO [main] org.apache.druid.guice.JsonConfigurator - Loaded class[class org.apache.druid.query.search.SearchQueryConfig] from props[druid.query.search.] as [org.apache.druid.query.search.SearchQueryConfig@fd413fb]
2019-12-12T18:18:11,145 INFO [main] org.apache.druid.guice.JsonConfigurator - Loaded class[class org.apache.druid.query.metadata.SegmentMetadataQueryConfig] from props[druid.query.segmentMetadata.] as [org.apache.druid.query.metadata.SegmentMetadataQueryConfig@3a7b2e2]
2019-12-12T18:18:11,165 INFO [main] org.apache.druid.guice.JsonConfigurator - Loaded class[class org.apache.druid.query.groupby.GroupByQueryConfig] from props[druid.query.groupBy.] as [GroupByQueryConfig{defaultStrategy='v2', singleThreaded=false, maxIntermediateRows=50000, maxResults=500000, bufferGrouperMaxSize=2147483647, bufferGrouperMaxLoadFactor=0.0, bufferGrouperInitialBuckets=0, maxMergingDictionarySize=100000000, maxOnDiskStorage=0, forcePushDownLimit=false, forceHashAggregation=false, intermediateCombineDegree=8, numParallelCombineThreads=1, forcePushDownNestedQuery=false}]
2019-12-12T18:18:11,198 INFO [main] org.apache.druid.offheap.OffheapBufferGenerator - Allocating new intermediate processing buffer[0] of size[200,000,000]
2019-12-12T18:18:11,329 INFO [main] org.apache.druid.offheap.OffheapBufferGenerator - Allocating new intermediate processing buffer[1] of size[200,000,000]
2019-12-12T18:18:11,448 INFO [main] org.apache.druid.offheap.OffheapBufferGenerator - Allocating new result merging buffer[0] of size[200,000,000]
2019-12-12T18:18:11,563 INFO [main] org.apache.druid.offheap.OffheapBufferGenerator - Allocating new result merging buffer[1] of size[200,000,000]
2019-12-12T18:18:11,687 INFO [main] org.apache.druid.guice.JsonConfigurator - Loaded class[class org.apache.druid.query.scan.ScanQueryConfig] from props[druid.query.scan.] as [ScanQueryConfig{legacy=false}]
2019-12-12T18:18:11,691 INFO [main] org.apache.druid.guice.JsonConfigurator - Loaded class[class org.apache.druid.query.select.SelectQueryConfig] from props[druid.query.select.] as [org.apache.druid.query.select.SelectQueryConfig@411cd156]
2019-12-12T18:18:11,694 INFO [main] org.apache.druid.guice.JsonConfigurator - Loaded class[class org.apache.druid.query.topn.TopNQueryConfig] from props[druid.query.topN.] as [org.apache.druid.query.topn.TopNQueryConfig@50b93353]
2019-12-12T18:18:11,704 INFO [main] org.apache.druid.guice.JsonConfigurator - Loaded class[class org.apache.druid.client.cache.CacheConfig] from props[druid.historical.cache.] as [org.apache.druid.client.cache.CacheConfig@f5a7226]
2019-12-12T18:18:11,769 INFO [main] org.apache.druid.guice.JsonConfigurator - Loaded class[class org.apache.druid.segment.loading.SegmentLoaderConfig] from props[druid.segmentCache.] as [SegmentLoaderConfig{locations=[StorageLocationConfig{path=var/druid/segment-cache, maxSize=300000000000}], deleteOnRemove=true, dropSegmentDelayMillis=30000, infoDir=null}]
2019-12-12T18:18:11,774 INFO [main] org.apache.druid.guice.JsonConfigurator - Loaded class[interface org.apache.druid.server.log.RequestLoggerProvider] from props[druid.request.logging.] as [org.apache.druid.server.log.NoopRequestLoggerProvider@a85644c]
2019-12-12T18:18:11,801 INFO [main] org.apache.druid.guice.JsonConfigurator - Loaded class[class org.apache.druid.client.DruidServerConfig] from props[druid.server.] as [org.apache.druid.client.DruidServerConfig@4ef4f627]
2019-12-12T18:18:11,806 INFO [main] org.apache.druid.guice.JsonConfigurator - Loaded class[class org.apache.druid.server.initialization.BatchDataSegmentAnnouncerConfig] from props[druid.announcer.] as [org.apache.druid.server.initialization.BatchDataSegmentAnnouncerConfig@285005b8]
2019-12-12T18:18:11,830 INFO [main] org.apache.druid.guice.JsonConfigurator - Loaded class[interface org.apache.druid.server.coordination.DataSegmentAnnouncerProvider] from props[druid.announcer.] as [org.apache.druid.server.coordination.BatchDataSegmentAnnouncerProvider@72028a45]
2019-12-12T18:18:11,839 INFO [main] org.apache.druid.guice.JsonConfigurator - Loaded class[class org.apache.druid.query.lookup.LookupListeningAnnouncerConfig] from props[druid.lookup.] as [ListeningAnnouncerConfig{listenersPath='/druid/listeners'}]
2019-12-12T18:18:11,851 INFO [main] org.apache.druid.guice.JsonConfigurator - Loaded class[class org.apache.druid.query.lookup.LookupConfig] from props[druid.lookup.] as [LookupConfig{snapshotWorkingDir='', enableLookupSyncOnStartup=false, numLookupLoadingThreads=4, coordinatorFetchRetries=3, lookupStartRetries=3, coordinatorRetryDelay=60000}]
2019-12-12T18:18:11,857 INFO [main] org.apache.druid.guice.JsonConfigurator - Loaded class[class org.apache.druid.guice.http.DruidHttpClientConfig] from props[druid.global.http.] as [org.apache.druid.guice.http.DruidHttpClientConfig@58dad04a]
2019-12-12T18:18:12,215 INFO [main] org.apache.druid.guice.JsonConfigurator - Loaded class[class org.apache.druid.client.coordinator.CoordinatorSelectorConfig] from props[druid.selectors.coordinator.] as [org.apache.druid.client.coordinator.CoordinatorSelectorConfig@491cafec]
2019-12-12T18:18:12,241 INFO [main] org.apache.druid.java.util.common.lifecycle.Lifecycle - Starting lifecycle [module] stage [INIT]
2019-12-12T18:18:12,242 INFO [main] org.apache.druid.java.util.common.lifecycle.Lifecycle$AnnotationBasedHandler - Invoking start method[public void org.apache.druid.initialization.Log4jShutterDownerModule$Log4jShutterDowner.start()] on object[org.apache.druid.initialization.Log4jShutterDownerModule$Log4jShutterDowner@3830f918].
2019-12-12T18:18:12,242 INFO [main] org.apache.druid.java.util.common.lifecycle.Lifecycle - Starting lifecycle [module] stage [NORMAL]
2019-12-12T18:18:12,242 INFO [main] org.apache.druid.curator.CuratorModule - Starting Curator
2019-12-12T18:18:12,242 INFO [main] org.apache.curator.framework.imps.CuratorFrameworkImpl - Starting
2019-12-12T18:18:12,252 INFO [main] org.apache.zookeeper.ZooKeeper - Client environment:zookeeper.version=3.4.11-37e277162d567b55a07d1755f0b31c32e93c01a0, built on 11/01/2017 18:06 GMT
2019-12-12T18:18:12,252 INFO [main] org.apache.zookeeper.ZooKeeper - Client environment:host.name=986a1bd7597e
2019-12-12T18:18:12,252 INFO [main] org.apache.zookeeper.ZooKeeper - Client environment:java.version=1.8.0_222
2019-12-12T18:18:12,252 INFO [main] org.apache.zookeeper.ZooKeeper - Client environment:java.vendor=Oracle Corporation
2019-12-12T18:18:12,252 INFO [main] org.apache.zookeeper.ZooKeeper - Client environment:java.home=/usr/local/openjdk-8/jre
2019-12-12T18:18:12,252 INFO [main] org.apache.zookeeper.ZooKeeper - Client environment:java.class.path=/opt/druid/conf/druid/single-server/micro-quickstart/historical:/opt/druid/conf/druid/single-server/micro-quickstart/_common:/opt/druid/conf/druid/single-server/micro-quickstart/_common/hadoop-xml:/opt/druid/conf/druid/single-server/micro-quickstart/../_common:/opt/druid/conf/druid/single-server/micro-quickstart/../_common/hadoop-xml:/opt/druid/bin/../lib/janino-2.7.6.jar:/opt/druid/bin/../lib/commons-io-2.5.jar:/opt/druid/bin/../lib/commons-codec-1.7.jar:/opt/druid/bin/../lib/jackson-core-asl-1.9.13.jar:/opt/druid/bin/../lib/lz4-java-1.5.0.jar:/opt/druid/bin/../lib/druid-indexing-hadoop-0.15.1-incubating.jar:/opt/druid/bin/../lib/jvm-attach-api-1.5.jar:/opt/druid/bin/../lib/netty-handler-4.1.29.Final.jar:/opt/druid/bin/../lib/objenesis-2.6.jar:/opt/druid/bin/../lib/httpclient-4.5.3.jar:/opt/druid/bin/../lib/druid-processing-0.15.1-incubating.jar:/opt/druid/bin/../lib/asm-analysis-7.1.jar:/opt/druid/bin/../lib/joda-time-2.9.9.jar:/opt/druid/bin/../lib/netty-resolver-dns-4.1.29.Final.jar:/opt/druid/bin/../lib/jsr305-2.0.1.jar:/opt/druid/bin/../lib/commons-text-1.3.jar:/opt/druid/bin/../lib/druid-core-0.15.1-incubating.jar:/opt/druid/bin/../lib/maven-model-3.1.1.jar:/opt/druid/bin/../lib/calcite-linq4j-1.17.0.jar:/opt/druid/bin/../lib/commons-lang3-3.7.jar:/opt/druid/bin/../lib/commons-cli-1.2.jar:/opt/druid/bin/../lib/maven-repository-metadata-3.1.1.jar:/opt/druid/bin/../lib/maven-artifact-3.6.0.jar:/opt/druid/bin/../lib/commons-pool-1.6.jar:/opt/druid/bin/../lib/aether-connector-file-0.9.0.M2.jar:/opt/druid/bin/../lib/commons-collections-3.2.2.jar:/opt/druid/bin/../lib/compress-lzf-1.0.4.jar:/opt/druid/bin/../lib/google-oauth-client-1.22.0.jar:/opt/druid/bin/../lib/commons-beanutils-1.9.3.jar:/opt/druid/bin/../lib/commons-compress-1.16.jar:/opt/druid/bin/../lib/calcite-core-1.17.0.jar:/opt/druid/bin/../lib/netty-common-4.1.29.Final.jar:/opt/druid/bin/../lib/aether-util-0.9.0.M2.jar:/opt/druid/bin/../lib/jetty-continuation-9.4.10.v20180503.jar:/opt/druid/bin/../lib/jna-4.5.1.jar:/opt/druid/bin/../lib/jcodings-1.0.13.jar:/opt/druid/bin/../lib/async-http-client-2.5.3.jar:/opt/druid/bin/../lib/jackson-datatype-guava-2.6.7.jar:/opt/druid/bin/../lib/aether-impl-0.9.0.M2.jar:/opt/druid/bin/../lib/airline-0.7.jar:/opt/druid/bin/../lib/curator-framework-4.1.0.jar:/opt/druid/bin/../lib/protobuf-java-3.1.0.jar:/opt/druid/bin/../lib/plexus-utils-3.0.15.jar:/opt/druid/bin/../lib/druid-aws-common-0.15.1-incubating.jar:/opt/druid/bin/../lib/log4j-jul-2.5.jar:/opt/druid/bin/../lib/jetty-server-9.4.10.v20180503.jar:/opt/druid/bin/../lib/log4j-core-2.5.jar:/opt/druid/bin/../lib/aether-spi-0.9.0.M2.jar:/opt/druid/bin/../lib/joni-2.1.11.jar:/opt/druid/bin/../lib/jmespath-java-1.11.199.jar:/opt/druid/bin/../lib/google-api-client-1.22.0.jar:/opt/druid/bin/../lib/netty-codec-4.1.29.Final.jar:/opt/druid/bin/../lib/aopalliance-1.0.jar:/opt/druid/bin/../lib/javax.inject-1.jar:/opt/druid/bin/../lib/mapdb-1.0.8.jar:/opt/druid/bin/../lib/guice-servlet-4.1.0.jar:/opt/druid/bin/../lib/netty-buffer-4.1.29.Final.jar:/opt/druid/bin/../lib/maven-settings-3.1.1.jar:/opt/druid/bin/../lib/netty-transport-4.1.29.Final.jar:/opt/druid/bin/../lib/jetty-io-9.4.10.v20180503.jar:/opt/druid/bin/../lib/jersey-servlet-1.19.3.jar:/opt/druid/bin/../lib/fastutil-8.1.0.jar:/opt/druid/bin/../lib/commons-math3-3.6.1.jar:/opt/druid/bin/../lib/aws-java-sdk-ec2-1.11.199.jar:/opt/druid/bin/../lib/RoaringBitmap-0.8.0.jar:/opt/druid/bin/../lib/netty-transport-native-epoll-4.1.29.Final-linux-x86_64.jar:/opt/druid/bin/../lib/jackson-databind-2.6.7.jar:/opt/druid/bin/../lib/jersey-guice-1.19.3.jar:/opt/druid/bin/../lib/config-magic-0.9.jar:/opt/druid/bin/../lib/json-path-2.3.0.jar:/opt/druid/bin/../lib/classmate-1.0.0.jar:/opt/druid/bin/../lib/zookeeper-3.4.11.jar:/opt/druid/bin/../lib/maven-aether-provider-3.1.1.jar:/opt/druid/bin/../lib/netty-resolver-4.1.29.Final.jar:/opt/druid/bin/../lib/reactive-streams-1.0.2.jar:/opt/druid/bin/../lib/jetty-util-9.4.10.v20180503.jar:/opt/druid/bin/../lib/jetty-servlet-9.4.10.v20180503.jar:/opt/druid/bin/../lib/jackson-dataformat-smile-2.6.7.jar:/opt/druid/bin/../lib/jackson-core-2.6.7.jar:/opt/druid/bin/../lib/jetty-proxy-9.4.10.v20180503.jar:/opt/druid/bin/../lib/accessors-smart-1.2.jar:/opt/druid/bin/../lib/derby-10.11.1.1.jar:/opt/druid/bin/../lib/druid-sql-0.15.1-incubating.jar:/opt/druid/bin/../lib/druid-console-0.15.1-incubating.jar:/opt/druid/bin/../lib/plexus-interpolation-1.19.jar:/opt/druid/bin/../lib/avatica-core-1.10.0.jar:/opt/druid/bin/../lib/druid-hll-0.15.1-incubating.jar:/opt/druid/bin/../lib/druid-gcp-common-0.15.1-incubating.jar:/opt/druid/bin/../lib/jboss-logging-3.1.3.GA.jar:/opt/druid/bin/../lib/netty-codec-socks-4.1.29.Final.jar:/opt/druid/bin/../lib/disruptor-3.3.6.jar:/opt/druid/bin/../lib/icu4j-54.1.1.jar:/opt/druid/bin/../lib/wagon-provider-api-2.4.jar:/opt/druid/bin/../lib/javax.el-api-3.0.0.jar:/opt/druid/bin/../lib/jackson-datatype-joda-2.6.7.jar:/opt/druid/bin/../lib/httpcore-4.4.4.jar:/opt/druid/bin/../lib/jackson-jaxrs-smile-provider-2.6.7.jar:/opt/druid/bin/../lib/tesla-aether-0.0.5.jar:/opt/druid/bin/../lib/jackson-dataformat-cbor-2.6.7.jar:/opt/druid/bin/../lib/netty-reactive-streams-2.0.0.jar:/opt/druid/bin/../lib/netty-codec-dns-4.1.29.Final.jar:/opt/druid/bin/../lib/javax.el-3.0.0.jar:/opt/druid/bin/../lib/netty-codec-http-4.1.29.Final.jar:/opt/druid/bin/../lib/jackson-module-guice-2.6.7.jar:/opt/druid/bin/../lib/netty-all-4.1.30.Final.jar:/opt/druid/bin/../lib/jackson-jq-0.0.7.jar:/opt/druid/bin/../lib/commons-lang-2.6.jar:/opt/druid/bin/../lib/commons-collections4-4.1.jar:/opt/druid/bin/../lib/aether-connector-okhttp-0.0.9.jar:/opt/druid/bin/../lib/validation-api-1.1.0.Final.jar:/opt/druid/bin/../lib/error_prone_annotations-2.3.2.jar:/opt/druid/bin/../lib/avatica-metrics-1.10.0.jar:/opt/druid/bin/../lib/curator-client-4.1.0.jar:/opt/druid/bin/../lib/checker-qual-2.5.7.jar:/opt/druid/bin/../lib/asm-commons-7.1.jar:/opt/druid/bin/../lib/jdbi-2.63.1.jar:/opt/druid/bin/../lib/ion-java-1.0.2.jar:/opt/druid/bin/../lib/antlr4-runtime-4.5.1.jar:/opt/druid/bin/../lib/okhttp-1.0.2.jar:/opt/druid/bin/../lib/jackson-mapper-asl-1.9.13.jar:/opt/druid/bin/../lib/netty-transport-native-unix-common-4.1.29.Final.jar:/opt/druid/bin/../lib/druid-services-0.15.1-incubating.jar:/opt/druid/bin/../lib/jackson-jaxrs-json-provider-2.6.7.jar:/opt/druid/bin/../lib/aws-java-sdk-s3-1.11.199.jar:/opt/druid/bin/../lib/asm-7.1.jar:/opt/druid/bin/../lib/jsr311-api-1.1.1.jar:/opt/druid/bin/../lib/javax.activation-1.2.0.jar:/opt/druid/bin/../lib/jackson-module-jaxb-annotations-2.6.7.jar:/opt/druid/bin/../lib/netty-handler-proxy-4.1.29.Final.jar:/opt/druid/bin/../lib/slf4j-api-1.7.25.jar:/opt/druid/bin/../lib/maven-model-builder-3.1.1.jar:/opt/druid/bin/../lib/jetty-client-9.4.10.v20180503.jar:/opt/druid/bin/../lib/commons-logging-1.1.1.jar:/opt/druid/bin/../lib/commons-compiler-2.7.6.jar:/opt/druid/bin/../lib/jetty-security-9.4.10.v20180503.jar:/opt/druid/bin/../lib/audience-annotations-0.5.0.jar:/opt/druid/bin/../lib/esri-geometry-api-2.0.0.jar:/opt/druid/bin/../lib/log4j-1.2-api-2.5.jar:/opt/druid/bin/../lib/guice-multibindings-4.1.0.jar:/opt/druid/bin/../lib/jetty-servlets-9.4.10.v20180503.jar:/opt/druid/bin/../lib/jersey-server-1.19.3.jar:/opt/druid/bin/../lib/aether-api-0.9.0.M2.jar:/opt/druid/bin/../lib/caffeine-2.5.5.jar:/opt/druid/bin/../lib/maven-settings-builder-3.1.1.jar:/opt/druid/bin/../lib/log4j-slf4j-impl-2.5.jar:/opt/druid/bin/../lib/netty-3.10.6.Final.jar:/opt/druid/bin/../lib/json-smart-2.3.jar:/opt/druid/bin/../lib/google-http-client-1.22.0.jar:/opt/druid/bin/../lib/zstd-jni-1.3.3-1.jar:/opt/druid/bin/../lib/hibernate-validator-5.1.3.Final.jar:/opt/druid/bin/../lib/derbyclient-10.11.1.1.jar:/opt/druid/bin/../lib/shims-0.8.0.jar:/opt/druid/bin/../lib/avatica-server-1.10.0.jar:/opt/druid/bin/../lib/opencsv-4.2.jar:/opt/druid/bin/../lib/derbynet-10.11.1.1.jar:/opt/druid/bin/../lib/async-http-client-netty-utils-2.5.3.jar:/opt/druid/bin/../lib/extendedset-0.15.1-incubating.jar:/opt/druid/bin/../lib/curator-x-discovery-4.1.0.jar:/opt/druid/bin/../lib/commons-pool2-2.2.jar:/opt/druid/bin/../lib/aws-java-sdk-kms-1.11.199.jar:/opt/druid/bin/../lib/guava-16.0.1.jar:/opt/druid/bin/../lib/jline-0.9.94.jar:/opt/druid/bin/../lib/javax.servlet-api-3.1.0.jar:/opt/druid/bin/../lib/guice-4.1.0.jar:/opt/druid/bin/../lib/log4j-api-2.5.jar:/opt/druid/bin/../lib/asm-tree-7.1.jar:/opt/druid/bin/../lib/commons-dbcp2-2.0.1.jar:/opt/druid/bin/../lib/spymemcached-2.12.3.jar:/opt/druid/bin/../lib/metrics-core-4.0.0.jar:/opt/druid/bin/../lib/aggdesigner-algorithm-6.0.jar:/opt/druid/bin/../lib/jackson-jaxrs-base-2.6.7.jar:/opt/druid/bin/../lib/sigar-1.6.5.132.jar:/opt/druid/bin/../lib/jackson-annotations-2.6.7.jar:/opt/druid/bin/../lib/rhino-1.7R5.jar:/opt/druid/bin/../lib/jetty-http-9.4.10.v20180503.jar:/opt/druid/bin/../lib/xz-1.8.jar:/opt/druid/bin/../lib/jaxb-api-2.3.0.jar:/opt/druid/bin/../lib/druid-server-0.15.1-incubating.jar:/opt/druid/bin/../lib/jersey-core-1.19.3.jar:/opt/druid/bin/../lib/jcl-over-slf4j-1.7.12.jar:/opt/druid/bin/../lib/aws-java-sdk-core-1.11.199.jar:/opt/druid/bin/../lib/druid-indexing-service-0.15.1-incubating.jar:/opt/druid/bin/../lib/curator-recipes-4.1.0.jar:/opt/druid/bin/../lib/google-http-client-jackson2-1.22.0.jar
2019-12-12T18:18:12,252 INFO [main] org.apache.zookeeper.ZooKeeper - Client environment:java.library.path=/usr/java/packages/lib/amd64:/usr/lib64:/lib64:/lib:/usr/lib
2019-12-12T18:18:12,252 INFO [main] org.apache.zookeeper.ZooKeeper - Client environment:java.io.tmpdir=var/tmp
2019-12-12T18:18:12,252 INFO [main] org.apache.zookeeper.ZooKeeper - Client environment:java.compiler=<NA>
2019-12-12T18:18:12,252 INFO [main] org.apache.zookeeper.ZooKeeper - Client environment:os.name=Linux
2019-12-12T18:18:12,252 INFO [main] org.apache.zookeeper.ZooKeeper - Client environment:os.arch=amd64
2019-12-12T18:18:12,253 INFO [main] org.apache.zookeeper.ZooKeeper - Client environment:os.version=5.0.0-37-generic
2019-12-12T18:18:12,253 INFO [main] org.apache.zookeeper.ZooKeeper - Client environment:user.name=root
2019-12-12T18:18:12,253 INFO [main] org.apache.zookeeper.ZooKeeper - Client environment:user.home=/root
2019-12-12T18:18:12,253 INFO [main] org.apache.zookeeper.ZooKeeper - Client environment:user.dir=/opt/druid
2019-12-12T18:18:12,254 INFO [main] org.apache.zookeeper.ZooKeeper - Initiating client connection, connectString=localhost sessionTimeout=30000 watcher=org.apache.curator.ConnectionState@380ce5a3
2019-12-12T18:18:12,289 INFO [main] org.apache.curator.framework.imps.CuratorFrameworkImpl - Default schema
2019-12-12T18:18:12,291 INFO [main] org.apache.druid.java.util.common.lifecycle.Lifecycle$AnnotationBasedHandler - Invoking start method[public void org.apache.druid.java.util.emitter.service.ServiceEmitter.start()] on object[ServiceEmitter{serviceDimensions={service=druid/historical, host=localhost:8083, version=0.15.1-incubating}, emitter=org.apache.druid.java.util.emitter.core.NoopEmitter@444f44c5}].
2019-12-12T18:18:12,292 INFO [main] org.apache.druid.java.util.common.lifecycle.Lifecycle$AnnotationBasedHandler - Invoking start method[public void org.apache.druid.java.util.metrics.MonitorScheduler.start()] on object[org.apache.druid.java.util.metrics.MonitorScheduler@586495f1].
2019-12-12T18:18:12,297 INFO [main] org.apache.druid.java.util.common.lifecycle.Lifecycle$AnnotationBasedHandler - Invoking start method[public void org.apache.druid.storage.hdfs.HdfsStorageAuthentication.authenticate()] on object[org.apache.druid.storage.hdfs.HdfsStorageAuthentication@224c7de4].
2019-12-12T18:18:12,299 INFO [main-SendThread(localhost:2181)] org.apache.zookeeper.ClientCnxn - Opening socket connection to server localhost/127.0.0.1:2181. Will not attempt to authenticate using SASL (unknown error)
2019-12-12T18:18:12,300 INFO [main] org.apache.druid.java.util.common.lifecycle.Lifecycle$AnnotationBasedHandler - Invoking start method[public void org.apache.druid.server.coordination.SegmentLoadDropHandler.start() throws java.io.IOException] on object[org.apache.druid.server.coordination.SegmentLoadDropHandler@50211483].
2019-12-12T18:18:12,300 INFO [main] org.apache.druid.server.coordination.SegmentLoadDropHandler - Starting...
2019-12-12T18:18:12,300 INFO [main] org.apache.druid.server.coordination.SegmentLoadDropHandler - Loading segment cache file [1/1][var/druid/segment-cache/info_dir/wikipedia_2015-09-12T00:00:00.000Z_2015-09-13T00:00:00.000Z_2019-09-25T07:04:44.985Z].
2019-12-12T18:18:12,306 INFO [main-SendThread(localhost:2181)] org.apache.zookeeper.ClientCnxn - Socket connection established to localhost/127.0.0.1:2181, initiating session
2019-12-12T18:18:12,340 INFO [main-SendThread(localhost:2181)] org.apache.zookeeper.ClientCnxn - Session establishment complete on server localhost/127.0.0.1:2181, sessionid = 0x100013379310003, negotiated timeout = 30000
2019-12-12T18:18:12,389 INFO [main-EventThread] org.apache.curator.framework.state.ConnectionStateManager - State change: CONNECTED
2019-12-12T18:18:12,404 INFO [Segment-Load-Startup-0] org.apache.druid.server.coordination.SegmentLoadDropHandler - Loading segment[1/1][wikipedia_2015-09-12T00:00:00.000Z_2015-09-13T00:00:00.000Z_2019-09-25T07:04:44.985Z]
2019-12-12T18:18:12,692 INFO [main] org.apache.druid.server.coordination.BatchDataSegmentAnnouncer - Announcing segment[wikipedia_2015-09-12T00:00:00.000Z_2015-09-13T00:00:00.000Z_2019-09-25T07:04:44.985Z] at path[/druid/segments/localhost:8083/localhost:8083_historical__default_tier_2019-12-12T18:18:12.638Z_1e8ade776d824197bd12c84fb8526a500]
2019-12-12T18:18:12,702 INFO [main] org.apache.druid.server.coordination.SegmentLoadDropHandler$BackgroundSegmentAnnouncer - Completed background segment announcing
2019-12-12T18:18:12,703 INFO [main] org.apache.druid.server.coordination.SegmentLoadDropHandler - Cache load took 403 ms
2019-12-12T18:18:12,708 INFO [main] org.apache.druid.server.coordination.CuratorDataSegmentServerAnnouncer - Announcing self[DruidServerMetadata{name='localhost:8083', hostAndPort='localhost:8083', hostAndTlsPort='null', maxSize=300000000000, tier='_default_tier', type=historical, priority=0}] at [/druid/announcements/localhost:8083]
2019-12-12T18:18:12,715 INFO [main] org.apache.druid.server.coordination.SegmentLoadDropHandler - Started.
2019-12-12T18:18:12,715 INFO [main] org.apache.druid.java.util.common.lifecycle.Lifecycle$AnnotationBasedHandler - Invoking start method[public void org.apache.druid.server.coordination.ZkCoordinator.start() throws java.io.IOException] on object[org.apache.druid.server.coordination.ZkCoordinator@395f52ed].
2019-12-12T18:18:12,715 INFO [main] org.apache.druid.server.coordination.ZkCoordinator - Starting zkCoordinator for server[localhost:8083]
2019-12-12T18:18:12,787 INFO [main] org.apache.druid.java.util.common.lifecycle.Lifecycle$AnnotationBasedHandler - Invoking start method[public void org.apache.druid.java.util.http.client.NettyHttpClient.start()] on object[org.apache.druid.java.util.http.client.NettyHttpClient@44d7e24].
2019-12-12T18:18:12,788 INFO [main] org.apache.druid.java.util.common.lifecycle.Lifecycle$AnnotationBasedHandler - Invoking start method[public void org.apache.druid.curator.discovery.CuratorDruidNodeDiscoveryProvider.start()] on object[org.apache.druid.curator.discovery.CuratorDruidNodeDiscoveryProvider@26c8b296].
2019-12-12T18:18:12,788 INFO [main] org.apache.druid.curator.discovery.CuratorDruidNodeDiscoveryProvider - starting
2019-12-12T18:18:12,788 INFO [main] org.apache.druid.curator.discovery.CuratorDruidNodeDiscoveryProvider - started
2019-12-12T18:18:12,788 INFO [main] org.apache.druid.java.util.common.lifecycle.Lifecycle$AnnotationBasedHandler - Invoking start method[public void org.apache.druid.curator.discovery.ServerDiscoverySelector.start() throws java.lang.Exception] on object[org.apache.druid.curator.discovery.ServerDiscoverySelector@10f405ff].
2019-12-12T18:18:12,964 INFO [main] org.apache.druid.java.util.common.lifecycle.Lifecycle$AnnotationBasedHandler - Invoking start method[public void org.apache.druid.discovery.DruidLeaderClient.start()] on object[org.apache.druid.discovery.DruidLeaderClient@7e61e25c].
2019-12-12T18:18:12,965 INFO [main] org.apache.druid.curator.discovery.CuratorDruidNodeDiscoveryProvider - Creating NodeTypeWatcher for nodeType [COORDINATOR].
2019-12-12T18:18:12,972 INFO [main] org.apache.druid.curator.discovery.CuratorDruidNodeDiscoveryProvider - Created NodeTypeWatcher for nodeType [COORDINATOR].
2019-12-12T18:18:12,972 INFO [main] org.apache.druid.discovery.DruidLeaderClient - Started.
2019-12-12T18:18:12,973 INFO [main] org.apache.druid.java.util.common.lifecycle.Lifecycle$AnnotationBasedHandler - Invoking start method[public void org.apache.druid.query.lookup.LookupReferencesManager.start()] on object[org.apache.druid.query.lookup.LookupReferencesManager@38ac8968].
2019-12-12T18:18:12,973 INFO [main] org.apache.druid.query.lookup.LookupReferencesManager - LookupExtractorFactoryContainerProvider is starting.
2019-12-12T18:18:12,973 INFO [main] org.apache.druid.query.lookup.LookupReferencesManager - No lookups to be loaded at this point
2019-12-12T18:18:12,981 INFO [main] org.apache.druid.query.lookup.LookupReferencesManager - LookupExtractorFactoryContainerProvider is started.
2019-12-12T18:18:12,987 INFO [main] org.apache.druid.java.util.common.lifecycle.Lifecycle$AnnotationBasedHandler - Invoking start method[public void org.apache.druid.server.listener.announcer.ListenerResourceAnnouncer.start()] on object[org.apache.druid.query.lookup.LookupResourceListenerAnnouncer@6c951ada].
2019-12-12T18:18:12,990 INFO [main] org.apache.druid.server.listener.announcer.ListenerResourceAnnouncer - Announcing start time on [/druid/listeners/lookups/__default/http:localhost:8083]
2019-12-12T18:18:12,990 INFO [main] org.apache.druid.java.util.common.lifecycle.Lifecycle - Starting lifecycle [module] stage [SERVER]
2019-12-12T18:18:12,991 INFO [main] org.apache.druid.server.initialization.jetty.JettyServerModule - Starting Jetty Server...
2019-12-12T18:18:13,005 INFO [main] org.eclipse.jetty.server.Server - jetty-9.4.10.v20180503; built: 2018-05-03T15:56:21.710Z; git: daa59876e6f384329b122929e70a80934569428c; jvm 1.8.0_222-b10
2019-12-12T18:18:13,056 INFO [NodeTypeWatcher[COORDINATOR]] org.apache.druid.curator.discovery.CuratorDruidNodeDiscoveryProvider$NodeTypeWatcher - Node[localhost:8081:DiscoveryDruidNode{druidNode=DruidNode{serviceName='druid/coordinator', host='localhost', bindOnHost=false, port=-1, plaintextPort=8081, enablePlaintextPort=true, tlsPort=-1, enableTlsPort=false}, nodeType='COORDINATOR', services={}}] appeared.
2019-12-12T18:18:13,056 INFO [NodeTypeWatcher[COORDINATOR]] org.apache.druid.curator.discovery.CuratorDruidNodeDiscoveryProvider$NodeTypeWatcher - Received INITIALIZED in node watcher.
2019-12-12T18:18:13,182 INFO [main] org.eclipse.jetty.server.session - DefaultSessionIdManager workerName=node0
2019-12-12T18:18:13,182 INFO [main] org.eclipse.jetty.server.session - No SessionScavenger set, using defaults
2019-12-12T18:18:13,184 INFO [main] org.eclipse.jetty.server.session - node0 Scavenging every 600000ms
2019-12-12T18:18:13,322 INFO [main] com.sun.jersey.guice.spi.container.GuiceComponentProviderFactory - Registering com.fasterxml.jackson.jaxrs.json.JacksonJsonProvider as a provider class
2019-12-12T18:18:13,323 INFO [main] com.sun.jersey.guice.spi.container.GuiceComponentProviderFactory - Registering com.fasterxml.jackson.jaxrs.smile.JacksonSmileProvider as a provider class
2019-12-12T18:18:13,326 INFO [main] com.sun.jersey.guice.spi.container.GuiceComponentProviderFactory - Registering org.apache.druid.server.initialization.jetty.CustomExceptionMapper as a provider class
2019-12-12T18:18:13,327 INFO [main] com.sun.jersey.guice.spi.container.GuiceComponentProviderFactory - Registering org.apache.druid.server.initialization.jetty.ForbiddenExceptionMapper as a provider class
2019-12-12T18:18:13,328 INFO [main] com.sun.jersey.guice.spi.container.GuiceComponentProviderFactory - Registering org.apache.druid.server.initialization.jetty.BadRequestExceptionMapper as a provider class
2019-12-12T18:18:13,328 INFO [main] com.sun.jersey.guice.spi.container.GuiceComponentProviderFactory - Registering org.apache.druid.server.StatusResource as a root resource class
2019-12-12T18:18:13,332 INFO [main] com.sun.jersey.server.impl.application.WebApplicationImpl - Initiating Jersey application, version 'Jersey: 1.19.3 10/24/2016 03:43 PM'
2019-12-12T18:18:13,444 INFO [main] com.sun.jersey.guice.spi.container.GuiceComponentProviderFactory - Binding org.apache.druid.server.initialization.jetty.CustomExceptionMapper to GuiceManagedComponentProvider with the scope "Singleton"
2019-12-12T18:18:13,446 INFO [main] com.sun.jersey.guice.spi.container.GuiceComponentProviderFactory - Binding org.apache.druid.server.initialization.jetty.ForbiddenExceptionMapper to GuiceManagedComponentProvider with the scope "Singleton"
2019-12-12T18:18:13,446 INFO [main] com.sun.jersey.guice.spi.container.GuiceComponentProviderFactory - Binding org.apache.druid.server.initialization.jetty.BadRequestExceptionMapper to GuiceManagedComponentProvider with the scope "Singleton"
2019-12-12T18:18:13,447 INFO [main] com.sun.jersey.guice.spi.container.GuiceComponentProviderFactory - Binding com.fasterxml.jackson.jaxrs.json.JacksonJsonProvider to GuiceManagedComponentProvider with the scope "Singleton"
2019-12-12T18:18:13,462 INFO [main] com.sun.jersey.guice.spi.container.GuiceComponentProviderFactory - Binding com.fasterxml.jackson.jaxrs.smile.JacksonSmileProvider to GuiceManagedComponentProvider with the scope "Singleton"
2019-12-12T18:18:14,191 INFO [main] com.sun.jersey.guice.spi.container.GuiceComponentProviderFactory - Binding org.apache.druid.server.QueryResource to GuiceInstantiatedComponentProvider
2019-12-12T18:18:14,207 INFO [main] com.sun.jersey.guice.spi.container.GuiceComponentProviderFactory - Binding org.apache.druid.server.http.security.StateResourceFilter to GuiceInstantiatedComponentProvider
2019-12-12T18:18:14,218 INFO [main] com.sun.jersey.guice.spi.container.GuiceComponentProviderFactory - Binding org.apache.druid.server.http.HistoricalResource to GuiceInstantiatedComponentProvider
2019-12-12T18:18:14,234 INFO [main] com.sun.jersey.guice.spi.container.GuiceComponentProviderFactory - Binding org.apache.druid.server.http.SegmentListerResource to GuiceInstantiatedComponentProvider
2019-12-12T18:18:14,237 INFO [main] com.sun.jersey.guice.spi.container.GuiceComponentProviderFactory - Binding org.apache.druid.server.http.security.ConfigResourceFilter to GuiceInstantiatedComponentProvider
2019-12-12T18:18:14,242 INFO [main] com.sun.jersey.guice.spi.container.GuiceComponentProviderFactory - Binding org.apache.druid.query.lookup.LookupListeningResource to GuiceInstantiatedComponentProvider
2019-12-12T18:18:14,246 INFO [main] com.sun.jersey.guice.spi.container.GuiceComponentProviderFactory - Binding org.apache.druid.query.lookup.LookupIntrospectionResource to GuiceInstantiatedComponentProvider
2019-12-12T18:18:14,249 INFO [main] com.sun.jersey.guice.spi.container.GuiceComponentProviderFactory - Binding org.apache.druid.server.StatusResource to GuiceManagedComponentProvider with the scope "Undefined"
2019-12-12T18:18:14,270 WARN [main] com.sun.jersey.spi.inject.Errors - The following warnings have been detected with resource and/or provider classes:
  WARNING: A HTTP GET method, public void org.apache.druid.server.http.SegmentListerResource.getSegments(long,long,long,javax.servlet.http.HttpServletRequest) throws java.io.IOException, MUST return a non-void type.
2019-12-12T18:18:14,286 INFO [main] org.eclipse.jetty.server.handler.ContextHandler - Started o.e.j.s.ServletContextHandler@35e2b89f{/,null,AVAILABLE}
2019-12-12T18:18:14,316 INFO [main] org.eclipse.jetty.server.AbstractConnector - Started ServerConnector@7be38eba{HTTP/1.1,[http/1.1]}{0.0.0.0:8083}
2019-12-12T18:18:14,318 INFO [main] org.eclipse.jetty.server.Server - Started @14263ms
2019-12-12T18:18:14,318 INFO [main] org.apache.druid.java.util.common.lifecycle.Lifecycle - Starting lifecycle [module] stage [ANNOUNCEMENTS]
2019-12-12T18:18:14,318 INFO [main] org.apache.druid.java.util.common.lifecycle.Lifecycle$AnnotationBasedHandler - Invoking start method[public void org.apache.druid.curator.announcement.Announcer.start()] on object[org.apache.druid.curator.announcement.Announcer@2296127].
2019-12-12T18:18:14,318 INFO [main] org.apache.druid.curator.announcement.Announcer - Starting announcer
2019-12-12T18:18:14,379 INFO [main] org.apache.druid.curator.discovery.CuratorDruidNodeAnnouncer - Announcing [DiscoveryDruidNode{druidNode=DruidNode{serviceName='druid/historical', host='localhost', bindOnHost=false, port=-1, plaintextPort=8083, enablePlaintextPort=true, tlsPort=-1, enableTlsPort=false}, nodeType='HISTORICAL', services={dataNodeService=DataNodeService{tier='_default_tier', maxSize=300000000000, type=historical, priority=0}, lookupNodeService=LookupNodeService{lookupTier='__default'}}}].
2019-12-12T18:18:14,399 INFO [main] org.apache.druid.curator.discovery.CuratorDruidNodeAnnouncer - Announced [DiscoveryDruidNode{druidNode=DruidNode{serviceName='druid/historical', host='localhost', bindOnHost=false, port=-1, plaintextPort=8083, enablePlaintextPort=true, tlsPort=-1, enableTlsPort=false}, nodeType='HISTORICAL', services={dataNodeService=DataNodeService{tier='_default_tier', maxSize=300000000000, type=historical, priority=0}, lookupNodeService=LookupNodeService{lookupTier='__default'}}}].
2019-12-12T18:18:14,400 INFO [main] org.apache.druid.java.util.common.lifecycle.Lifecycle - Successfully started lifecycle [module]
2019-12-12T18:18:32,387 INFO [Announcer-0] org.apache.druid.curator.announcement.Announcer - Node[/druid/internal-discovery/HISTORICAL/localhost:8083] dropped, reinstating.
2019-12-12T18:18:32,389 INFO [Announcer-0] org.apache.druid.curator.announcement.Announcer - Node[/druid/listeners/lookups/__default/http:localhost:8083] dropped, reinstating.
2019-12-12T18:18:32,390 INFO [Announcer-0] org.apache.druid.curator.announcement.Announcer - Node[/druid/announcements/localhost:8083] dropped, reinstating.
2019-12-12T18:18:32,392 INFO [NodeTypeWatcher[COORDINATOR]] org.apache.druid.curator.discovery.CuratorDruidNodeDiscoveryProvider$NodeTypeWatcher - Node[localhost:8081:DiscoveryDruidNode{druidNode=DruidNode{serviceName='druid/coordinator', host='localhost', bindOnHost=false, port=-1, plaintextPort=8081, enablePlaintextPort=true, tlsPort=-1, enableTlsPort=false}, nodeType='COORDINATOR', services={}}] disappeared.
2019-12-12T18:18:32,455 INFO [NodeTypeWatcher[COORDINATOR]] org.apache.druid.curator.discovery.CuratorDruidNodeDiscoveryProvider$NodeTypeWatcher - Node[localhost:8081:DiscoveryDruidNode{druidNode=DruidNode{serviceName='druid/coordinator', host='localhost', bindOnHost=false, port=-1, plaintextPort=8081, enablePlaintextPort=true, tlsPort=-1, enableTlsPort=false}, nodeType='COORDINATOR', services={}}] appeared.
2019-12-12T18:18:55,349 INFO [Thread-25] org.apache.druid.java.util.common.lifecycle.Lifecycle - Lifecycle [module] running shutdown hook
2019-12-12T18:18:55,357 INFO [Thread-25] org.apache.druid.java.util.common.lifecycle.Lifecycle - Stopping lifecycle [module] stage [ANNOUNCEMENTS]
2019-12-12T18:18:55,360 INFO [Thread-25] org.apache.druid.curator.discovery.CuratorDruidNodeAnnouncer - Unannouncing [DiscoveryDruidNode{druidNode=DruidNode{serviceName='druid/historical', host='localhost', bindOnHost=false, port=-1, plaintextPort=8083, enablePlaintextPort=true, tlsPort=-1, enableTlsPort=false}, nodeType='HISTORICAL', services={dataNodeService=DataNodeService{tier='_default_tier', maxSize=300000000000, type=historical, priority=0}, lookupNodeService=LookupNodeService{lookupTier='__default'}}}].
2019-12-12T18:18:55,360 INFO [Thread-25] org.apache.druid.curator.announcement.Announcer - unannouncing [/druid/internal-discovery/HISTORICAL/localhost:8083]
2019-12-12T18:18:55,366 INFO [NodeTypeWatcher[COORDINATOR]] org.apache.druid.curator.discovery.CuratorDruidNodeDiscoveryProvider$NodeTypeWatcher - Node[localhost:8081:DiscoveryDruidNode{druidNode=DruidNode{serviceName='druid/coordinator', host='localhost', bindOnHost=false, port=-1, plaintextPort=8081, enablePlaintextPort=true, tlsPort=-1, enableTlsPort=false}, nodeType='COORDINATOR', services={}}] disappeared.
2019-12-12T18:18:55,375 INFO [Thread-25] org.apache.druid.curator.discovery.CuratorDruidNodeAnnouncer - Unannounced [DiscoveryDruidNode{druidNode=DruidNode{serviceName='druid/historical', host='localhost', bindOnHost=false, port=-1, plaintextPort=8083, enablePlaintextPort=true, tlsPort=-1, enableTlsPort=false}, nodeType='HISTORICAL', services={dataNodeService=DataNodeService{tier='_default_tier', maxSize=300000000000, type=historical, priority=0}, lookupNodeService=LookupNodeService{lookupTier='__default'}}}].
2019-12-12T18:18:55,375 INFO [Thread-25] org.apache.druid.java.util.common.lifecycle.Lifecycle$AnnotationBasedHandler - Invoking stop method[public void org.apache.druid.curator.announcement.Announcer.stop()] on object[org.apache.druid.curator.announcement.Announcer@2296127].
2019-12-12T18:18:55,375 INFO [Thread-25] org.apache.druid.curator.announcement.Announcer - Stopping announcer
2019-12-12T18:18:55,377 INFO [Thread-25] org.apache.druid.curator.announcement.Announcer - unannouncing [/druid/announcements/localhost:8083]
2019-12-12T18:18:55,380 INFO [Thread-25] org.apache.druid.curator.announcement.Announcer - unannouncing [/druid/listeners/lookups/__default/http:localhost:8083]
2019-12-12T18:18:55,385 INFO [Thread-25] org.apache.druid.curator.announcement.Announcer - unannouncing [/druid/segments/localhost:8083/localhost:8083_historical__default_tier_2019-12-12T18:18:12.638Z_1e8ade776d824197bd12c84fb8526a500]
2019-12-12T18:18:55,389 INFO [Thread-25] org.apache.druid.java.util.common.lifecycle.Lifecycle - Stopping lifecycle [module] stage [SERVER]
2019-12-12T18:18:55,389 INFO [Thread-25] org.apache.druid.server.initialization.jetty.JettyServerModule - Stopping Jetty Server...
2019-12-12T18:18:55,401 INFO [Thread-25] org.eclipse.jetty.server.AbstractConnector - Stopped ServerConnector@7be38eba{HTTP/1.1,[http/1.1]}{0.0.0.0:8083}
2019-12-12T18:18:55,402 INFO [Thread-25] org.eclipse.jetty.server.session - node0 Stopped scavenging
2019-12-12T18:18:55,406 INFO [Thread-25] org.eclipse.jetty.server.handler.ContextHandler - Stopped o.e.j.s.ServletContextHandler@35e2b89f{/,null,UNAVAILABLE}
2019-12-12T18:18:55,411 INFO [Thread-25] org.apache.druid.java.util.common.lifecycle.Lifecycle - Stopping lifecycle [module] stage [NORMAL]
2019-12-12T18:18:55,411 INFO [Thread-25] org.apache.druid.java.util.common.lifecycle.Lifecycle$AnnotationBasedHandler - Invoking stop method[public void org.apache.druid.server.listener.announcer.ListenerResourceAnnouncer.stop()] on object[org.apache.druid.query.lookup.LookupResourceListenerAnnouncer@6c951ada].
2019-12-12T18:18:55,411 INFO [Thread-25] org.apache.druid.server.listener.announcer.ListenerResourceAnnouncer - Unannouncing start time on [/druid/listeners/lookups/__default/http:localhost:8083]
2019-12-12T18:18:55,411 INFO [Thread-25] org.apache.druid.java.util.common.lifecycle.Lifecycle$AnnotationBasedHandler - Invoking stop method[public void org.apache.druid.query.lookup.LookupReferencesManager.stop()] on object[org.apache.druid.query.lookup.LookupReferencesManager@38ac8968].
2019-12-12T18:18:55,411 INFO [Thread-25] org.apache.druid.query.lookup.LookupReferencesManager - LookupExtractorFactoryContainerProvider is stopping.
2019-12-12T18:18:55,411 INFO [LookupExtractorFactoryContainerProvider-MainThread] org.apache.druid.query.lookup.LookupReferencesManager - Lookup Management loop exited, Lookup notices are not handled anymore.
2019-12-12T18:18:55,412 INFO [Thread-25] org.apache.druid.query.lookup.LookupReferencesManager - LookupExtractorFactoryContainerProvider is stopped.
2019-12-12T18:18:55,412 INFO [Thread-25] org.apache.druid.java.util.common.lifecycle.Lifecycle$AnnotationBasedHandler - Invoking stop method[public void org.apache.druid.discovery.DruidLeaderClient.stop()] on object[org.apache.druid.discovery.DruidLeaderClient@7e61e25c].
2019-12-12T18:18:55,412 INFO [Thread-25] org.apache.druid.discovery.DruidLeaderClient - Stopped.
2019-12-12T18:18:55,412 INFO [Thread-25] org.apache.druid.java.util.common.lifecycle.Lifecycle$AnnotationBasedHandler - Invoking stop method[public void org.apache.druid.curator.discovery.ServerDiscoverySelector.stop() throws java.io.IOException] on object[org.apache.druid.curator.discovery.ServerDiscoverySelector@10f405ff].
2019-12-12T18:18:55,414 INFO [Thread-25] org.apache.druid.java.util.common.lifecycle.Lifecycle$AnnotationBasedHandler - Invoking stop method[public void org.apache.druid.curator.discovery.CuratorDruidNodeDiscoveryProvider.stop()] on object[org.apache.druid.curator.discovery.CuratorDruidNodeDiscoveryProvider@26c8b296].
2019-12-12T18:18:55,414 INFO [Thread-25] org.apache.druid.curator.discovery.CuratorDruidNodeDiscoveryProvider - stopping
2019-12-12T18:18:55,414 INFO [Thread-25] org.apache.druid.curator.discovery.CuratorDruidNodeDiscoveryProvider - stopped
2019-12-12T18:18:55,414 INFO [Thread-25] org.apache.druid.java.util.common.lifecycle.Lifecycle$AnnotationBasedHandler - Invoking stop method[public void org.apache.druid.java.util.http.client.NettyHttpClient.stop()] on object[org.apache.druid.java.util.http.client.NettyHttpClient@44d7e24].
2019-12-12T18:18:55,436 INFO [Thread-25] org.apache.druid.java.util.common.lifecycle.Lifecycle$AnnotationBasedHandler - Invoking stop method[public void org.apache.druid.server.coordination.ZkCoordinator.stop()] on object[org.apache.druid.server.coordination.ZkCoordinator@395f52ed].
2019-12-12T18:18:55,436 INFO [Thread-25] org.apache.druid.server.coordination.ZkCoordinator - Stopping ZkCoordinator for [DruidServerMetadata{name='localhost:8083', hostAndPort='localhost:8083', hostAndTlsPort='null', maxSize=300000000000, tier='_default_tier', type=historical, priority=0}]
2019-12-12T18:18:55,437 INFO [Thread-25] org.apache.druid.java.util.common.lifecycle.Lifecycle$AnnotationBasedHandler - Invoking stop method[public void org.apache.druid.server.coordination.SegmentLoadDropHandler.stop()] on object[org.apache.druid.server.coordination.SegmentLoadDropHandler@50211483].
2019-12-12T18:18:55,437 INFO [Thread-25] org.apache.druid.server.coordination.SegmentLoadDropHandler - Stopping...
2019-12-12T18:18:55,438 INFO [Thread-25] org.apache.druid.server.coordination.SegmentLoadDropHandler - Stopped.
2019-12-12T18:18:55,440 INFO [Thread-25] org.apache.druid.java.util.common.lifecycle.Lifecycle$AnnotationBasedHandler - Invoking stop method[public void org.apache.druid.storage.hdfs.HdfsStorageAuthentication.stop()] on object[org.apache.druid.storage.hdfs.HdfsStorageAuthentication@224c7de4].
2019-12-12T18:18:55,440 INFO [Thread-25] org.apache.druid.java.util.common.lifecycle.Lifecycle$AnnotationBasedHandler - Invoking stop method[public void org.apache.druid.java.util.metrics.MonitorScheduler.stop()] on object[org.apache.druid.java.util.metrics.MonitorScheduler@586495f1].
2019-12-12T18:18:55,441 INFO [Thread-25] org.apache.druid.java.util.common.lifecycle.Lifecycle$AnnotationBasedHandler - Invoking stop method[public void org.apache.druid.client.cache.CaffeineCache.close()] on object[org.apache.druid.client.cache.CaffeineCache@47d1dd35].
2019-12-12T18:18:55,444 INFO [Thread-25] org.apache.druid.java.util.common.lifecycle.Lifecycle$AnnotationBasedHandler - Invoking stop method[public void org.apache.druid.java.util.emitter.service.ServiceEmitter.close() throws java.io.IOException] on object[ServiceEmitter{serviceDimensions={service=druid/historical, host=localhost:8083, version=0.15.1-incubating}, emitter=org.apache.druid.java.util.emitter.core.NoopEmitter@444f44c5}].
2019-12-12T18:18:55,444 INFO [Thread-25] org.apache.druid.curator.CuratorModule - Stopping Curator
2019-12-12T18:18:55,445 INFO [Curator-Framework-0] org.apache.curator.framework.imps.CuratorFrameworkImpl - backgroundOperationsLoop exiting
2019-12-12T18:18:55,450 INFO [main-EventThread] org.apache.zookeeper.ClientCnxn - EventThread shut down for session: 0x100013379310003
2019-12-12T18:18:55,451 INFO [Thread-25] org.apache.zookeeper.ZooKeeper - Session: 0x100013379310003 closed
2019-12-12T18:18:55,451 INFO [Thread-25] org.apache.druid.java.util.common.lifecycle.Lifecycle - Stopping lifecycle [module] stage [INIT]
2019-12-12T18:18:55,451 INFO [Thread-25] org.apache.druid.java.util.common.lifecycle.Lifecycle$AnnotationBasedHandler - Invoking stop method[public void org.apache.druid.initialization.Log4jShutterDownerModule$Log4jShutterDowner.stop()] on object[org.apache.druid.initialization.Log4jShutterDownerModule$Log4jShutterDowner@3830f918].
